Using pre-set license
Built from '2020.2/release' branch; Version is '2020.2.1f1 (270dd8c3da1c) revision 2559448'; Using compiler version '192528614'; Build Type 'Release'
OS: 'Windows 10  (10.0.0) 64bit' Language: 'es' Physical Memory: 16336 MB
BatchMode: 1, IsHumanControllingUs: 0, StartBugReporterOnCrash: 0, Is64bit: 1, IsPro: 0

 COMMAND LINE ARGUMENTS:
C:\Program Files\Unity\Hub\Editor\2020.2.1f1\Editor\Unity.exe
-adb2
-batchMode
-noUpm
-name
AssetImportWorker0
-projectPath
C:/Users/nadig/OneDrive/Documentos/GitHub/Networking/TCP_UDP
-logFile
Logs/AssetImportWorker0.log
-srvPort
57584
Successfully changed project path to: C:/Users/nadig/OneDrive/Documentos/GitHub/Networking/TCP_UDP
C:/Users/nadig/OneDrive/Documentos/GitHub/Networking/TCP_UDP
Using Asset Import Pipeline V2.
Refreshing native plugins compatible for Editor in 70.61 ms, found 3 plugins.
Preloading 0 native plugins for Editor in 0.00 ms.
Initialize engine version: 2020.2.1f1 (270dd8c3da1c)
[Subsystems] Discovering subsystems at path C:/Program Files/Unity/Hub/Editor/2020.2.1f1/Editor/Data/Resources/UnitySubsystems
[Subsystems] Discovering subsystems at path C:/Users/nadig/OneDrive/Documentos/GitHub/Networking/TCP_UDP/Assets
GfxDevice: creating device client; threaded=0
Direct3D:
    Version:  Direct3D 11.0 [level 11.1]
    Renderer: NVIDIA GeForce RTX 2060 (ID=0x1e89)
    Vendor:   
    VRAM:     5968 MB
    Driver:   27.21.14.5671
Initialize mono
Mono path[0] = 'C:/Program Files/Unity/Hub/Editor/2020.2.1f1/Editor/Data/Managed'
Mono path[1] = 'C:/Program Files/Unity/Hub/Editor/2020.2.1f1/Editor/Data/MonoBleedingEdge/lib/mono/unityjit'
Mono config path = 'C:/Program Files/Unity/Hub/Editor/2020.2.1f1/Editor/Data/MonoBleedingEdge/etc'
Using monoOptions --debugger-agent=transport=dt_socket,embedding=1,server=y,suspend=n,address=127.0.0.1:56976
Begin MonoManager ReloadAssembly
Registering precompiled unity dll's ...
Register platform support module: C:/Program Files/Unity/Hub/Editor/2020.2.1f1/Editor/Data/PlaybackEngines/WindowsStandaloneSupport/UnityEditor.WindowsStandalone.Extensions.dll
Registered in 0.001569 seconds.
Native extension for WindowsStandalone target not found
Refreshing native plugins compatible for Editor in 74.37 ms, found 3 plugins.
Preloading 0 native plugins for Editor in 0.00 ms.
Invoked RoslynAnalysisRunner static constructor.
RoslynAnalysisRunner will not be running.
RoslynAnalysisRunner has terminated.
Mono: successfully reloaded assembly
- Completed reload, in  1.796 seconds
Platform modules already initialized, skipping
Registering precompiled user dll's ...
Registered in 0.004842 seconds.
Begin MonoManager ReloadAssembly
Symbol file LoadedFromMemory doesn't match image C:\Users\nadig\OneDrive\Documentos\GitHub\Networking\TCP_UDP\Library\PackageCache\com.unity.visualscripting@1.6.1\Editor\VisualScripting.Core\Dependencies\YamlDotNet\Unity.VisualScripting.YamlDotNet.dll
Symbol file LoadedFromMemory doesn't match image C:\Users\nadig\OneDrive\Documentos\GitHub\Networking\TCP_UDP\Library\PackageCache\com.unity.visualscripting@1.6.1\Editor\VisualScripting.Core\Dependencies\DotNetZip\Unity.VisualScripting.IonicZip.dll
Native extension for WindowsStandalone target not found
Refreshing native plugins compatible for Editor in 0.69 ms, found 3 plugins.
Preloading 0 native plugins for Editor in 0.00 ms.
Invoked RoslynAnalysisRunner static constructor.
RoslynAnalysisRunner will not be running.
RoslynAnalysisRunner has terminated.
Mono: successfully reloaded assembly
- Completed reload, in  0.947 seconds
Platform modules already initialized, skipping
========================================================================
Worker process is ready to serve import requests
Launched and connected shader compiler UnityShaderCompiler.exe after 0.03 seconds
Refreshing native plugins compatible for Editor in 0.68 ms, found 3 plugins.
Preloading 0 native plugins for Editor in 0.00 ms.
Unloading 2948 Unused Serialized files (Serialized files now loaded: 0)
System memory in use before: 103.6 MB.
System memory in use after: 103.8 MB.

Unloading 22 unused Assets to reduce memory usage. Loaded Objects now: 3376.
Total: 2.644200 ms (FindLiveObjects: 0.446800 ms CreateObjectMapping: 0.077800 ms MarkObjects: 2.063600 ms  DeleteObjects: 0.055000 ms)

========================================================================
Received Import Request.
  path: Assets/Scripts
  artifactKey: Guid(34dce6068511d944d99fc4653958634f) Importer(815301076,1909f56bfc062723c751e8b465ee728b)
Start importing Assets/Scripts using Guid(34dce6068511d944d99fc4653958634f) Importer(815301076,1909f56bfc062723c751e8b465ee728b)  -> (artifact id: 'a0ed5255dcd1f31831cda631fd8dde1c') in 0.010756 seconds
  Import took 0.015255 seconds .

========================================================================
Received Prepare
Registering precompiled user dll's ...
Registered in 0.004853 seconds.
Begin MonoManager ReloadAssembly
Symbol file LoadedFromMemory doesn't match image C:\Users\nadig\OneDrive\Documentos\GitHub\Networking\TCP_UDP\Library\PackageCache\com.unity.visualscripting@1.6.1\Editor\VisualScripting.Core\Dependencies\YamlDotNet\Unity.VisualScripting.YamlDotNet.dll
Symbol file LoadedFromMemory doesn't match image C:\Users\nadig\OneDrive\Documentos\GitHub\Networking\TCP_UDP\Library\PackageCache\com.unity.visualscripting@1.6.1\Editor\VisualScripting.Core\Dependencies\DotNetZip\Unity.VisualScripting.IonicZip.dll
Native extension for WindowsStandalone target not found
Refreshing native plugins compatible for Editor in 0.70 ms, found 3 plugins.
Preloading 0 native plugins for Editor in 0.00 ms.
Invoked RoslynAnalysisRunner static constructor.
RoslynAnalysisRunner will not be running.
RoslynAnalysisRunner has terminated.
Mono: successfully reloaded assembly
- Completed reload, in  0.875 seconds
Platform modules already initialized, skipping
Refreshing native plugins compatible for Editor in 0.63 ms, found 3 plugins.
Preloading 0 native plugins for Editor in 0.00 ms.
Unloading 2942 Unused Serialized files (Serialized files now loaded: 0)
System memory in use before: 103.6 MB.
System memory in use after: 103.8 MB.

Unloading 17 unused Assets to reduce memory usage. Loaded Objects now: 3379.
Total: 2.207700 ms (FindLiveObjects: 0.320600 ms CreateObjectMapping: 0.070900 ms MarkObjects: 1.788400 ms  DeleteObjects: 0.026800 ms)

========================================================================
Received Import Request.
  Time since last request: 60.678683 seconds.
  path: Assets/Scenes/Client.unity
  artifactKey: Guid(bbf782b258846ab4cbf579d93ff0d6e6) Importer(815301076,1909f56bfc062723c751e8b465ee728b)
Start importing Assets/Scenes/Client.unity using Guid(bbf782b258846ab4cbf579d93ff0d6e6) Importer(815301076,1909f56bfc062723c751e8b465ee728b)  -> (artifact id: '152f30738bcd80704432bc9dc3024648') in 0.017686 seconds
  Import took 0.022366 seconds .

========================================================================
Received Prepare
Registering precompiled user dll's ...
Registered in 0.004884 seconds.
Begin MonoManager ReloadAssembly
Symbol file LoadedFromMemory doesn't match image C:\Users\nadig\OneDrive\Documentos\GitHub\Networking\TCP_UDP\Library\PackageCache\com.unity.visualscripting@1.6.1\Editor\VisualScripting.Core\Dependencies\YamlDotNet\Unity.VisualScripting.YamlDotNet.dll
Symbol file LoadedFromMemory doesn't match image C:\Users\nadig\OneDrive\Documentos\GitHub\Networking\TCP_UDP\Library\PackageCache\com.unity.visualscripting@1.6.1\Editor\VisualScripting.Core\Dependencies\DotNetZip\Unity.VisualScripting.IonicZip.dll
Native extension for WindowsStandalone target not found
Refreshing native plugins compatible for Editor in 0.69 ms, found 3 plugins.
Preloading 0 native plugins for Editor in 0.00 ms.
Invoked RoslynAnalysisRunner static constructor.
RoslynAnalysisRunner will not be running.
RoslynAnalysisRunner has terminated.
Mono: successfully reloaded assembly
- Completed reload, in  0.867 seconds
Platform modules already initialized, skipping
Refreshing native plugins compatible for Editor in 0.65 ms, found 3 plugins.
Preloading 0 native plugins for Editor in 0.00 ms.
Unloading 2942 Unused Serialized files (Serialized files now loaded: 0)
System memory in use before: 103.8 MB.
System memory in use after: 104.0 MB.

Unloading 17 unused Assets to reduce memory usage. Loaded Objects now: 3382.
Total: 2.307100 ms (FindLiveObjects: 0.349500 ms CreateObjectMapping: 0.073800 ms MarkObjects: 1.852200 ms  DeleteObjects: 0.030500 ms)

========================================================================
Received Import Request.
  Time since last request: 621.756421 seconds.
  path: Assets/Scenes/Client.unity
  artifactKey: Guid(bbf782b258846ab4cbf579d93ff0d6e6) Importer(815301076,1909f56bfc062723c751e8b465ee728b)
Start importing Assets/Scenes/Client.unity using Guid(bbf782b258846ab4cbf579d93ff0d6e6) Importer(815301076,1909f56bfc062723c751e8b465ee728b)  -> (artifact id: '7b87787425da28ec021c5d5db918ffae') in 0.012570 seconds
  Import took 0.017195 seconds .

========================================================================
Received Import Request.
  Time since last request: 0.005195 seconds.
  path: Assets/Scenes/Client.unity
  artifactKey: Guid(bbf782b258846ab4cbf579d93ff0d6e6) Importer(815301076,1909f56bfc062723c751e8b465ee728b)
Start importing Assets/Scenes/Client.unity using Guid(bbf782b258846ab4cbf579d93ff0d6e6) Importer(815301076,1909f56bfc062723c751e8b465ee728b)  -> (artifact id: '7b87787425da28ec021c5d5db918ffae') in 0.002995 seconds
  Import took 0.006662 seconds .

========================================================================
Received Import Request.
  Time since last request: 4.760001 seconds.
  path: Assets/Scenes/Server.unity
  artifactKey: Guid(caa69dc092d44634dbf8e2bd50d2e86e) Importer(815301076,1909f56bfc062723c751e8b465ee728b)
Start importing Assets/Scenes/Server.unity using Guid(caa69dc092d44634dbf8e2bd50d2e86e) Importer(815301076,1909f56bfc062723c751e8b465ee728b)  -> (artifact id: 'b42e89348bcd5d0d1c859cc91ab1745b') in 0.007460 seconds
  Import took 0.012083 seconds .

========================================================================
Received Prepare
Registering precompiled user dll's ...
Registered in 0.004705 seconds.
Begin MonoManager ReloadAssembly
Symbol file LoadedFromMemory doesn't match image C:\Users\nadig\OneDrive\Documentos\GitHub\Networking\TCP_UDP\Library\PackageCache\com.unity.visualscripting@1.6.1\Editor\VisualScripting.Core\Dependencies\YamlDotNet\Unity.VisualScripting.YamlDotNet.dll
Symbol file LoadedFromMemory doesn't match image C:\Users\nadig\OneDrive\Documentos\GitHub\Networking\TCP_UDP\Library\PackageCache\com.unity.visualscripting@1.6.1\Editor\VisualScripting.Core\Dependencies\DotNetZip\Unity.VisualScripting.IonicZip.dll
Native extension for WindowsStandalone target not found
Refreshing native plugins compatible for Editor in 0.69 ms, found 3 plugins.
Preloading 0 native plugins for Editor in 0.00 ms.
Invoked RoslynAnalysisRunner static constructor.
RoslynAnalysisRunner will not be running.
RoslynAnalysisRunner has terminated.
Mono: successfully reloaded assembly
- Completed reload, in  0.880 seconds
Platform modules already initialized, skipping
Refreshing native plugins compatible for Editor in 0.55 ms, found 3 plugins.
Preloading 0 native plugins for Editor in 0.00 ms.
Unloading 2942 Unused Serialized files (Serialized files now loaded: 0)
System memory in use before: 103.9 MB.
System memory in use after: 104.1 MB.

Unloading 17 unused Assets to reduce memory usage. Loaded Objects now: 3385.
Total: 1.987300 ms (FindLiveObjects: 0.331900 ms CreateObjectMapping: 0.071900 ms MarkObjects: 1.564600 ms  DeleteObjects: 0.017300 ms)

========================================================================
Received Prepare
Refreshing native plugins compatible for Editor in 3.54 ms, found 3 plugins.
Preloading 0 native plugins for Editor in 0.00 ms.
Unloading 15 Unused Serialized files (Serialized files now loaded: 0)
System memory in use before: 46.2 MB.
System memory in use after: 46.5 MB.

Unloading 15 unused Assets to reduce memory usage. Loaded Objects now: 3385.
Total: 2.328200 ms (FindLiveObjects: 0.510700 ms CreateObjectMapping: 0.090600 ms MarkObjects: 1.709200 ms  DeleteObjects: 0.016300 ms)

========================================================================
Received Prepare
Registering precompiled user dll's ...
Registered in 0.005154 seconds.
Begin MonoManager ReloadAssembly
Symbol file LoadedFromMemory doesn't match image C:\Users\nadig\OneDrive\Documentos\GitHub\Networking\TCP_UDP\Library\PackageCache\com.unity.visualscripting@1.6.1\Editor\VisualScripting.Core\Dependencies\YamlDotNet\Unity.VisualScripting.YamlDotNet.dll
Symbol file LoadedFromMemory doesn't match image C:\Users\nadig\OneDrive\Documentos\GitHub\Networking\TCP_UDP\Library\PackageCache\com.unity.visualscripting@1.6.1\Editor\VisualScripting.Core\Dependencies\DotNetZip\Unity.VisualScripting.IonicZip.dll
Native extension for WindowsStandalone target not found
Refreshing native plugins compatible for Editor in 1.48 ms, found 3 plugins.
Preloading 0 native plugins for Editor in 0.00 ms.
Invoked RoslynAnalysisRunner static constructor.
RoslynAnalysisRunner will not be running.
RoslynAnalysisRunner has terminated.
Mono: successfully reloaded assembly
- Completed reload, in  1.016 seconds
Platform modules already initialized, skipping
Refreshing native plugins compatible for Editor in 0.72 ms, found 3 plugins.
Preloading 0 native plugins for Editor in 0.00 ms.
Unloading 2942 Unused Serialized files (Serialized files now loaded: 0)
System memory in use before: 104.0 MB.
System memory in use after: 104.3 MB.

Unloading 17 unused Assets to reduce memory usage. Loaded Objects now: 3388.
Total: 2.041400 ms (FindLiveObjects: 0.371400 ms CreateObjectMapping: 0.072000 ms MarkObjects: 1.578200 ms  DeleteObjects: 0.018700 ms)

========================================================================
Received Prepare
Registering precompiled user dll's ...
Registered in 0.006143 seconds.
Begin MonoManager ReloadAssembly
Symbol file LoadedFromMemory doesn't match image C:\Users\nadig\OneDrive\Documentos\GitHub\Networking\TCP_UDP\Library\PackageCache\com.unity.visualscripting@1.6.1\Editor\VisualScripting.Core\Dependencies\YamlDotNet\Unity.VisualScripting.YamlDotNet.dll
Symbol file LoadedFromMemory doesn't match image C:\Users\nadig\OneDrive\Documentos\GitHub\Networking\TCP_UDP\Library\PackageCache\com.unity.visualscripting@1.6.1\Editor\VisualScripting.Core\Dependencies\DotNetZip\Unity.VisualScripting.IonicZip.dll
Native extension for WindowsStandalone target not found
Refreshing native plugins compatible for Editor in 0.69 ms, found 3 plugins.
Preloading 0 native plugins for Editor in 0.00 ms.
Invoked RoslynAnalysisRunner static constructor.
RoslynAnalysisRunner will not be running.
RoslynAnalysisRunner has terminated.
Mono: successfully reloaded assembly
- Completed reload, in  0.957 seconds
Platform modules already initialized, skipping
Refreshing native plugins compatible for Editor in 0.70 ms, found 3 plugins.
Preloading 0 native plugins for Editor in 0.00 ms.
Unloading 2942 Unused Serialized files (Serialized files now loaded: 0)
System memory in use before: 104.1 MB.
System memory in use after: 104.4 MB.

Unloading 17 unused Assets to reduce memory usage. Loaded Objects now: 3391.
Total: 2.276900 ms (FindLiveObjects: 0.368100 ms CreateObjectMapping: 0.069700 ms MarkObjects: 1.814900 ms  DeleteObjects: 0.023000 ms)

========================================================================
Received Prepare
Registering precompiled user dll's ...
Registered in 0.005201 seconds.
Begin MonoManager ReloadAssembly
Symbol file LoadedFromMemory doesn't match image C:\Users\nadig\OneDrive\Documentos\GitHub\Networking\TCP_UDP\Library\PackageCache\com.unity.visualscripting@1.6.1\Editor\VisualScripting.Core\Dependencies\YamlDotNet\Unity.VisualScripting.YamlDotNet.dll
Symbol file LoadedFromMemory doesn't match image C:\Users\nadig\OneDrive\Documentos\GitHub\Networking\TCP_UDP\Library\PackageCache\com.unity.visualscripting@1.6.1\Editor\VisualScripting.Core\Dependencies\DotNetZip\Unity.VisualScripting.IonicZip.dll
Native extension for WindowsStandalone target not found
Refreshing native plugins compatible for Editor in 0.80 ms, found 3 plugins.
Preloading 0 native plugins for Editor in 0.00 ms.
Invoked RoslynAnalysisRunner static constructor.
RoslynAnalysisRunner will not be running.
RoslynAnalysisRunner has terminated.
Mono: successfully reloaded assembly
- Completed reload, in  0.952 seconds
Platform modules already initialized, skipping
Refreshing native plugins compatible for Editor in 0.72 ms, found 3 plugins.
Preloading 0 native plugins for Editor in 0.00 ms.
Unloading 2942 Unused Serialized files (Serialized files now loaded: 0)
System memory in use before: 104.2 MB.
System memory in use after: 104.4 MB.

Unloading 17 unused Assets to reduce memory usage. Loaded Objects now: 3394.
Total: 3.021500 ms (FindLiveObjects: 0.369500 ms CreateObjectMapping: 0.068800 ms MarkObjects: 2.558200 ms  DeleteObjects: 0.023600 ms)

========================================================================
Received Prepare
Registering precompiled user dll's ...
Registered in 0.004772 seconds.
Begin MonoManager ReloadAssembly
Symbol file LoadedFromMemory doesn't match image C:\Users\nadig\OneDrive\Documentos\GitHub\Networking\TCP_UDP\Library\PackageCache\com.unity.visualscripting@1.6.1\Editor\VisualScripting.Core\Dependencies\YamlDotNet\Unity.VisualScripting.YamlDotNet.dll
Symbol file LoadedFromMemory doesn't match image C:\Users\nadig\OneDrive\Documentos\GitHub\Networking\TCP_UDP\Library\PackageCache\com.unity.visualscripting@1.6.1\Editor\VisualScripting.Core\Dependencies\DotNetZip\Unity.VisualScripting.IonicZip.dll
Native extension for WindowsStandalone target not found
Refreshing native plugins compatible for Editor in 0.75 ms, found 3 plugins.
Preloading 0 native plugins for Editor in 0.00 ms.
Invoked RoslynAnalysisRunner static constructor.
RoslynAnalysisRunner will not be running.
RoslynAnalysisRunner has terminated.
Mono: successfully reloaded assembly
- Completed reload, in  0.885 seconds
Platform modules already initialized, skipping
Refreshing native plugins compatible for Editor in 0.56 ms, found 3 plugins.
Preloading 0 native plugins for Editor in 0.00 ms.
Unloading 2942 Unused Serialized files (Serialized files now loaded: 0)
System memory in use before: 104.3 MB.
System memory in use after: 104.5 MB.

Unloading 17 unused Assets to reduce memory usage. Loaded Objects now: 3397.
Total: 2.266400 ms (FindLiveObjects: 0.350900 ms CreateObjectMapping: 0.071200 ms MarkObjects: 1.817500 ms  DeleteObjects: 0.025000 ms)

========================================================================
Received Prepare
Registering precompiled user dll's ...
Registered in 0.004691 seconds.
Begin MonoManager ReloadAssembly
Symbol file LoadedFromMemory doesn't match image C:\Users\nadig\OneDrive\Documentos\GitHub\Networking\TCP_UDP\Library\PackageCache\com.unity.visualscripting@1.6.1\Editor\VisualScripting.Core\Dependencies\YamlDotNet\Unity.VisualScripting.YamlDotNet.dll
Symbol file LoadedFromMemory doesn't match image C:\Users\nadig\OneDrive\Documentos\GitHub\Networking\TCP_UDP\Library\PackageCache\com.unity.visualscripting@1.6.1\Editor\VisualScripting.Core\Dependencies\DotNetZip\Unity.VisualScripting.IonicZip.dll
Native extension for WindowsStandalone target not found
Refreshing native plugins compatible for Editor in 0.69 ms, found 3 plugins.
Preloading 0 native plugins for Editor in 0.00 ms.
Invoked RoslynAnalysisRunner static constructor.
RoslynAnalysisRunner will not be running.
RoslynAnalysisRunner has terminated.
Mono: successfully reloaded assembly
- Completed reload, in  0.881 seconds
Platform modules already initialized, skipping
Refreshing native plugins compatible for Editor in 0.55 ms, found 3 plugins.
Preloading 0 native plugins for Editor in 0.00 ms.
Unloading 2942 Unused Serialized files (Serialized files now loaded: 0)
System memory in use before: 104.4 MB.
System memory in use after: 104.6 MB.

Unloading 17 unused Assets to reduce memory usage. Loaded Objects now: 3400.
Total: 2.142800 ms (FindLiveObjects: 0.390400 ms CreateObjectMapping: 0.080600 ms MarkObjects: 1.651800 ms  DeleteObjects: 0.018900 ms)

========================================================================
Received Import Request.
  Time since last request: 426.384307 seconds.
  path: Assets/Fonts/Dark Twenty.otf
  artifactKey: Guid(549e2973605fb9e47a66986841381607) Importer(815301076,1909f56bfc062723c751e8b465ee728b)
Start importing Assets/Fonts/Dark Twenty.otf using Guid(549e2973605fb9e47a66986841381607) Importer(815301076,1909f56bfc062723c751e8b465ee728b)  -> (artifact id: 'f2d10b0adfc3de3915ac9d39a67a8216') in 0.107668 seconds
  Import took 0.111973 seconds .

========================================================================
Received Prepare
Registering precompiled user dll's ...
Registered in 0.005376 seconds.
Begin MonoManager ReloadAssembly
Symbol file LoadedFromMemory doesn't match image C:\Users\nadig\OneDrive\Documentos\GitHub\Networking\TCP_UDP\Library\PackageCache\com.unity.visualscripting@1.6.1\Editor\VisualScripting.Core\Dependencies\YamlDotNet\Unity.VisualScripting.YamlDotNet.dll
Symbol file LoadedFromMemory doesn't match image C:\Users\nadig\OneDrive\Documentos\GitHub\Networking\TCP_UDP\Library\PackageCache\com.unity.visualscripting@1.6.1\Editor\VisualScripting.Core\Dependencies\DotNetZip\Unity.VisualScripting.IonicZip.dll
Native extension for WindowsStandalone target not found
Refreshing native plugins compatible for Editor in 0.76 ms, found 3 plugins.
Preloading 0 native plugins for Editor in 0.00 ms.
Invoked RoslynAnalysisRunner static constructor.
RoslynAnalysisRunner will not be running.
RoslynAnalysisRunner has terminated.
Mono: successfully reloaded assembly
- Completed reload, in  0.943 seconds
Platform modules already initialized, skipping
Refreshing native plugins compatible for Editor in 0.81 ms, found 3 plugins.
Preloading 0 native plugins for Editor in 0.00 ms.
Unloading 2942 Unused Serialized files (Serialized files now loaded: 0)
System memory in use before: 107.8 MB.
System memory in use after: 108.0 MB.

Unloading 17 unused Assets to reduce memory usage. Loaded Objects now: 3447.
Total: 2.405800 ms (FindLiveObjects: 0.392400 ms CreateObjectMapping: 0.079100 ms MarkObjects: 1.904300 ms  DeleteObjects: 0.028600 ms)

========================================================================
Received Prepare
Registering precompiled user dll's ...
Registered in 0.005201 seconds.
Begin MonoManager ReloadAssembly
Symbol file LoadedFromMemory doesn't match image C:\Users\nadig\OneDrive\Documentos\GitHub\Networking\TCP_UDP\Library\PackageCache\com.unity.visualscripting@1.6.1\Editor\VisualScripting.Core\Dependencies\YamlDotNet\Unity.VisualScripting.YamlDotNet.dll
Symbol file LoadedFromMemory doesn't match image C:\Users\nadig\OneDrive\Documentos\GitHub\Networking\TCP_UDP\Library\PackageCache\com.unity.visualscripting@1.6.1\Editor\VisualScripting.Core\Dependencies\DotNetZip\Unity.VisualScripting.IonicZip.dll
Native extension for WindowsStandalone target not found
Refreshing native plugins compatible for Editor in 0.72 ms, found 3 plugins.
Preloading 0 native plugins for Editor in 0.00 ms.
Invoked RoslynAnalysisRunner static constructor.
RoslynAnalysisRunner will not be running.
RoslynAnalysisRunner has terminated.
Mono: successfully reloaded assembly
- Completed reload, in  0.951 seconds
Platform modules already initialized, skipping
Refreshing native plugins compatible for Editor in 0.71 ms, found 3 plugins.
Preloading 0 native plugins for Editor in 0.00 ms.
Unloading 2942 Unused Serialized files (Serialized files now loaded: 0)
System memory in use before: 107.9 MB.
System memory in use after: 108.1 MB.

Unloading 17 unused Assets to reduce memory usage. Loaded Objects now: 3450.
Total: 2.397000 ms (FindLiveObjects: 0.462200 ms CreateObjectMapping: 0.077900 ms MarkObjects: 1.835700 ms  DeleteObjects: 0.020100 ms)

========================================================================
Received Prepare
Registering precompiled user dll's ...
Registered in 0.005268 seconds.
Begin MonoManager ReloadAssembly
Symbol file LoadedFromMemory doesn't match image C:\Users\nadig\OneDrive\Documentos\GitHub\Networking\TCP_UDP\Library\PackageCache\com.unity.visualscripting@1.6.1\Editor\VisualScripting.Core\Dependencies\YamlDotNet\Unity.VisualScripting.YamlDotNet.dll
Symbol file LoadedFromMemory doesn't match image C:\Users\nadig\OneDrive\Documentos\GitHub\Networking\TCP_UDP\Library\PackageCache\com.unity.visualscripting@1.6.1\Editor\VisualScripting.Core\Dependencies\DotNetZip\Unity.VisualScripting.IonicZip.dll
Native extension for WindowsStandalone target not found
Refreshing native plugins compatible for Editor in 0.74 ms, found 3 plugins.
Preloading 0 native plugins for Editor in 0.00 ms.
Invoked RoslynAnalysisRunner static constructor.
RoslynAnalysisRunner will not be running.
RoslynAnalysisRunner has terminated.
Mono: successfully reloaded assembly
- Completed reload, in  0.942 seconds
Platform modules already initialized, skipping
Refreshing native plugins compatible for Editor in 0.82 ms, found 3 plugins.
Preloading 0 native plugins for Editor in 0.00 ms.
Unloading 2942 Unused Serialized files (Serialized files now loaded: 0)
System memory in use before: 108.0 MB.
System memory in use after: 108.2 MB.

Unloading 17 unused Assets to reduce memory usage. Loaded Objects now: 3453.
Total: 2.191200 ms (FindLiveObjects: 0.414800 ms CreateObjectMapping: 0.074500 ms MarkObjects: 1.681000 ms  DeleteObjects: 0.019500 ms)

========================================================================
Received Prepare
Registering precompiled user dll's ...
Registered in 0.005100 seconds.
Begin MonoManager ReloadAssembly
Symbol file LoadedFromMemory doesn't match image C:\Users\nadig\OneDrive\Documentos\GitHub\Networking\TCP_UDP\Library\PackageCache\com.unity.visualscripting@1.6.1\Editor\VisualScripting.Core\Dependencies\YamlDotNet\Unity.VisualScripting.YamlDotNet.dll
Symbol file LoadedFromMemory doesn't match image C:\Users\nadig\OneDrive\Documentos\GitHub\Networking\TCP_UDP\Library\PackageCache\com.unity.visualscripting@1.6.1\Editor\VisualScripting.Core\Dependencies\DotNetZip\Unity.VisualScripting.IonicZip.dll
Native extension for WindowsStandalone target not found
Refreshing native plugins compatible for Editor in 0.79 ms, found 3 plugins.
Preloading 0 native plugins for Editor in 0.00 ms.
Invoked RoslynAnalysisRunner static constructor.
RoslynAnalysisRunner will not be running.
RoslynAnalysisRunner has terminated.
Mono: successfully reloaded assembly
- Completed reload, in  0.954 seconds
Platform modules already initialized, skipping
Refreshing native plugins compatible for Editor in 0.73 ms, found 3 plugins.
Preloading 0 native plugins for Editor in 0.00 ms.
Unloading 2942 Unused Serialized files (Serialized files now loaded: 0)
System memory in use before: 108.1 MB.
System memory in use after: 108.3 MB.

Unloading 17 unused Assets to reduce memory usage. Loaded Objects now: 3456.
Total: 2.329900 ms (FindLiveObjects: 0.396300 ms CreateObjectMapping: 0.072300 ms MarkObjects: 1.838900 ms  DeleteObjects: 0.021200 ms)

========================================================================
Received Import Request.
  Time since last request: 1096.266906 seconds.
  path: Assets
  artifactKey: Guid(00000000000000001000000000000000) Importer(815301076,1909f56bfc062723c751e8b465ee728b)
Start importing Assets using Guid(00000000000000001000000000000000) Importer(815301076,1909f56bfc062723c751e8b465ee728b)  -> (artifact id: 'e1a2c4dac9df7c17871e19a3b74f0e9f') in 0.011387 seconds
  Import took 0.016262 seconds .

========================================================================
Received Import Request.
  Time since last request: 5.609615 seconds.
  path: Assets/UI Images
  artifactKey: Guid(3f4c3677b9499e94cb6883ae164f8cf1) Importer(815301076,1909f56bfc062723c751e8b465ee728b)
Start importing Assets/UI Images using Guid(3f4c3677b9499e94cb6883ae164f8cf1) Importer(815301076,1909f56bfc062723c751e8b465ee728b)  -> (artifact id: '841d334c86b36993552a5149e0109e3d') in 0.007920 seconds
  Import took 0.012475 seconds .

========================================================================
Received Import Request.
  Time since last request: 0.000297 seconds.
  path: Assets/UI Images
  artifactKey: Guid(3f4c3677b9499e94cb6883ae164f8cf1) Importer(815301076,1909f56bfc062723c751e8b465ee728b)
Start importing Assets/UI Images using Guid(3f4c3677b9499e94cb6883ae164f8cf1) Importer(815301076,1909f56bfc062723c751e8b465ee728b)  -> (artifact id: '841d334c86b36993552a5149e0109e3d') in 0.002732 seconds
  Import took 0.005847 seconds .

========================================================================
Received Import Request.
  Time since last request: 32.300722 seconds.
  path: Assets/UI Images/wallpaperbetter.jpg
  artifactKey: Guid(e912ff343746d6740b42de08f1a5c319) Importer(815301076,1909f56bfc062723c751e8b465ee728b)
Start importing Assets/UI Images/wallpaperbetter.jpg using Guid(e912ff343746d6740b42de08f1a5c319) Importer(815301076,1909f56bfc062723c751e8b465ee728b)  -> (artifact id: '3ea1f2c96571d9366cd954959815122e') in 0.062671 seconds
  Import took 0.067462 seconds .

========================================================================
Received Prepare
Registering precompiled user dll's ...
Registered in 0.004799 seconds.
Begin MonoManager ReloadAssembly
Symbol file LoadedFromMemory doesn't match image C:\Users\nadig\OneDrive\Documentos\GitHub\Networking\TCP_UDP\Library\PackageCache\com.unity.visualscripting@1.6.1\Editor\VisualScripting.Core\Dependencies\YamlDotNet\Unity.VisualScripting.YamlDotNet.dll
Symbol file LoadedFromMemory doesn't match image C:\Users\nadig\OneDrive\Documentos\GitHub\Networking\TCP_UDP\Library\PackageCache\com.unity.visualscripting@1.6.1\Editor\VisualScripting.Core\Dependencies\DotNetZip\Unity.VisualScripting.IonicZip.dll
Native extension for WindowsStandalone target not found
Refreshing native plugins compatible for Editor in 0.69 ms, found 3 plugins.
Preloading 0 native plugins for Editor in 0.00 ms.
Invoked RoslynAnalysisRunner static constructor.
RoslynAnalysisRunner will not be running.
RoslynAnalysisRunner has terminated.
Mono: successfully reloaded assembly
- Completed reload, in  0.865 seconds
Platform modules already initialized, skipping
Refreshing native plugins compatible for Editor in 0.63 ms, found 3 plugins.
Preloading 0 native plugins for Editor in 0.00 ms.
Unloading 2942 Unused Serialized files (Serialized files now loaded: 0)
System memory in use before: 108.2 MB.
System memory in use after: 108.4 MB.

Unloading 17 unused Assets to reduce memory usage. Loaded Objects now: 3461.
Total: 2.109400 ms (FindLiveObjects: 0.432700 ms CreateObjectMapping: 0.069500 ms MarkObjects: 1.589000 ms  DeleteObjects: 0.017000 ms)

========================================================================
Received Import Request.
  Time since last request: 423.435308 seconds.
  path: Assets/UI Images/Background.mat
  artifactKey: Guid(8d80b45352268204b8b40f26cbb3ee4b) Importer(815301076,1909f56bfc062723c751e8b465ee728b)
Start importing Assets/UI Images/Background.mat using Guid(8d80b45352268204b8b40f26cbb3ee4b) Importer(815301076,1909f56bfc062723c751e8b465ee728b)  -> (artifact id: '898dd71a95afea0f54a8b8f30c67018f') in 0.078995 seconds
  Import took 0.083997 seconds .

========================================================================
Received Prepare
Registering precompiled user dll's ...
Registered in 0.005017 seconds.
Begin MonoManager ReloadAssembly
Symbol file LoadedFromMemory doesn't match image C:\Users\nadig\OneDrive\Documentos\GitHub\Networking\TCP_UDP\Library\PackageCache\com.unity.visualscripting@1.6.1\Editor\VisualScripting.Core\Dependencies\YamlDotNet\Unity.VisualScripting.YamlDotNet.dll
Symbol file LoadedFromMemory doesn't match image C:\Users\nadig\OneDrive\Documentos\GitHub\Networking\TCP_UDP\Library\PackageCache\com.unity.visualscripting@1.6.1\Editor\VisualScripting.Core\Dependencies\DotNetZip\Unity.VisualScripting.IonicZip.dll
Native extension for WindowsStandalone target not found
Refreshing native plugins compatible for Editor in 0.82 ms, found 3 plugins.
Preloading 0 native plugins for Editor in 0.00 ms.
Invoked RoslynAnalysisRunner static constructor.
RoslynAnalysisRunner will not be running.
RoslynAnalysisRunner has terminated.
Mono: successfully reloaded assembly
- Completed reload, in  0.894 seconds
Platform modules already initialized, skipping
Refreshing native plugins compatible for Editor in 0.69 ms, found 3 plugins.
Preloading 0 native plugins for Editor in 0.00 ms.
Unloading 2942 Unused Serialized files (Serialized files now loaded: 0)
System memory in use before: 108.7 MB.
System memory in use after: 108.9 MB.

Unloading 17 unused Assets to reduce memory usage. Loaded Objects now: 3467.
Total: 2.282400 ms (FindLiveObjects: 0.380200 ms CreateObjectMapping: 0.070200 ms MarkObjects: 1.807700 ms  DeleteObjects: 0.022800 ms)

========================================================================
Received Prepare
Registering precompiled user dll's ...
Registered in 0.005013 seconds.
Begin MonoManager ReloadAssembly
Symbol file LoadedFromMemory doesn't match image C:\Users\nadig\OneDrive\Documentos\GitHub\Networking\TCP_UDP\Library\PackageCache\com.unity.visualscripting@1.6.1\Editor\VisualScripting.Core\Dependencies\YamlDotNet\Unity.VisualScripting.YamlDotNet.dll
Symbol file LoadedFromMemory doesn't match image C:\Users\nadig\OneDrive\Documentos\GitHub\Networking\TCP_UDP\Library\PackageCache\com.unity.visualscripting@1.6.1\Editor\VisualScripting.Core\Dependencies\DotNetZip\Unity.VisualScripting.IonicZip.dll
Native extension for WindowsStandalone target not found
Refreshing native plugins compatible for Editor in 0.70 ms, found 3 plugins.
Preloading 0 native plugins for Editor in 0.00 ms.
Invoked RoslynAnalysisRunner static constructor.
RoslynAnalysisRunner will not be running.
RoslynAnalysisRunner has terminated.
Mono: successfully reloaded assembly
- Completed reload, in  0.862 seconds
Platform modules already initialized, skipping
Refreshing native plugins compatible for Editor in 0.66 ms, found 3 plugins.
Preloading 0 native plugins for Editor in 0.00 ms.
Unloading 2942 Unused Serialized files (Serialized files now loaded: 0)
System memory in use before: 108.8 MB.
System memory in use after: 109.0 MB.

Unloading 17 unused Assets to reduce memory usage. Loaded Objects now: 3470.
Total: 2.230500 ms (FindLiveObjects: 0.335800 ms CreateObjectMapping: 0.071900 ms MarkObjects: 1.800000 ms  DeleteObjects: 0.021900 ms)

========================================================================
Received Import Request.
  Time since last request: 2043.226460 seconds.
  path: Assets/UI Images/menu1.png
  artifactKey: Guid(7aa62253379740a41a916530dcdb9ce7) Importer(815301076,1909f56bfc062723c751e8b465ee728b)
Start importing Assets/UI Images/menu1.png using Guid(7aa62253379740a41a916530dcdb9ce7) Importer(815301076,1909f56bfc062723c751e8b465ee728b)  -> (artifact id: '7128326e89b7968b0aa879d1f556f7ad') in 0.046669 seconds
  Import took 0.052632 seconds .

========================================================================
Received Import Request.
  Time since last request: 0.000249 seconds.
  path: Assets/UI Images/menu3.png
  artifactKey: Guid(ca6e05d39b3632d439ac25ce140a1388) Importer(815301076,1909f56bfc062723c751e8b465ee728b)
Start importing Assets/UI Images/menu3.png using Guid(ca6e05d39b3632d439ac25ce140a1388) Importer(815301076,1909f56bfc062723c751e8b465ee728b)  -> (artifact id: '850f5a08cc606107b9f02dee62158ee2') in 0.017257 seconds
  Import took 0.022552 seconds .

========================================================================
Received Import Request.
  Time since last request: 0.000228 seconds.
  path: Assets/UI Images/menu2.png
  artifactKey: Guid(a50826de4ac06c94bad91dd948e5ea15) Importer(815301076,1909f56bfc062723c751e8b465ee728b)
Start importing Assets/UI Images/menu2.png using Guid(a50826de4ac06c94bad91dd948e5ea15) Importer(815301076,1909f56bfc062723c751e8b465ee728b)  -> (artifact id: '288ba1a47f9c09738713c4a986606869') in 0.015373 seconds
  Import took 0.020673 seconds .

========================================================================
Received Import Request.
  Time since last request: 15.219450 seconds.
  path: Assets/UI Images/Background.mat
  artifactKey: Guid(8d80b45352268204b8b40f26cbb3ee4b) Importer(815301076,1909f56bfc062723c751e8b465ee728b)
Start importing Assets/UI Images/Background.mat using Guid(8d80b45352268204b8b40f26cbb3ee4b) Importer(815301076,1909f56bfc062723c751e8b465ee728b)  -> (artifact id: '55262c8ec832f25679b66cdbc758a2ee') in 0.037292 seconds
  Import took 0.042039 seconds .

========================================================================
Received Import Request.
  Time since last request: 125.481683 seconds.
  path: Assets/UI Images/menu1.png
  artifactKey: Guid(7aa62253379740a41a916530dcdb9ce7) Importer(815301076,1909f56bfc062723c751e8b465ee728b)
Start importing Assets/UI Images/menu1.png using Guid(7aa62253379740a41a916530dcdb9ce7) Importer(815301076,1909f56bfc062723c751e8b465ee728b)  -> (artifact id: '4b666d9a0605f05d5c55dc15df71a824') in 0.026775 seconds
  Import took 0.031995 seconds .

========================================================================
Received Prepare
Registering precompiled user dll's ...
Registered in 0.004809 seconds.
Begin MonoManager ReloadAssembly
Symbol file LoadedFromMemory doesn't match image C:\Users\nadig\OneDrive\Documentos\GitHub\Networking\TCP_UDP\Library\PackageCache\com.unity.visualscripting@1.6.1\Editor\VisualScripting.Core\Dependencies\YamlDotNet\Unity.VisualScripting.YamlDotNet.dll
Symbol file LoadedFromMemory doesn't match image C:\Users\nadig\OneDrive\Documentos\GitHub\Networking\TCP_UDP\Library\PackageCache\com.unity.visualscripting@1.6.1\Editor\VisualScripting.Core\Dependencies\DotNetZip\Unity.VisualScripting.IonicZip.dll
Native extension for WindowsStandalone target not found
Refreshing native plugins compatible for Editor in 0.69 ms, found 3 plugins.
Preloading 0 native plugins for Editor in 0.00 ms.
Invoked RoslynAnalysisRunner static constructor.
RoslynAnalysisRunner will not be running.
RoslynAnalysisRunner has terminated.
Mono: successfully reloaded assembly
- Completed reload, in  0.873 seconds
Platform modules already initialized, skipping
Refreshing native plugins compatible for Editor in 0.63 ms, found 3 plugins.
Preloading 0 native plugins for Editor in 0.00 ms.
Unloading 2942 Unused Serialized files (Serialized files now loaded: 0)
System memory in use before: 109.0 MB.
System memory in use after: 109.2 MB.

Unloading 17 unused Assets to reduce memory usage. Loaded Objects now: 3477.
Total: 2.642200 ms (FindLiveObjects: 0.370100 ms CreateObjectMapping: 0.071000 ms MarkObjects: 2.174800 ms  DeleteObjects: 0.024500 ms)

========================================================================
Received Import Request.
  Time since last request: 183.846310 seconds.
  path: Assets/UI Images/menu1.png
  artifactKey: Guid(7aa62253379740a41a916530dcdb9ce7) Importer(815301076,1909f56bfc062723c751e8b465ee728b)
Start importing Assets/UI Images/menu1.png using Guid(7aa62253379740a41a916530dcdb9ce7) Importer(815301076,1909f56bfc062723c751e8b465ee728b)  -> (artifact id: '3d04e8d980e43a095f9ce80199e63e07') in 0.049307 seconds
  Import took 0.053829 seconds .

========================================================================
Received Prepare
Registering precompiled user dll's ...
Registered in 0.005005 seconds.
Begin MonoManager ReloadAssembly
Symbol file LoadedFromMemory doesn't match image C:\Users\nadig\OneDrive\Documentos\GitHub\Networking\TCP_UDP\Library\PackageCache\com.unity.visualscripting@1.6.1\Editor\VisualScripting.Core\Dependencies\YamlDotNet\Unity.VisualScripting.YamlDotNet.dll
Symbol file LoadedFromMemory doesn't match image C:\Users\nadig\OneDrive\Documentos\GitHub\Networking\TCP_UDP\Library\PackageCache\com.unity.visualscripting@1.6.1\Editor\VisualScripting.Core\Dependencies\DotNetZip\Unity.VisualScripting.IonicZip.dll
Native extension for WindowsStandalone target not found
Refreshing native plugins compatible for Editor in 0.74 ms, found 3 plugins.
Preloading 0 native plugins for Editor in 0.00 ms.
Invoked RoslynAnalysisRunner static constructor.
RoslynAnalysisRunner will not be running.
RoslynAnalysisRunner has terminated.
Mono: successfully reloaded assembly
- Completed reload, in  0.948 seconds
Platform modules already initialized, skipping
Refreshing native plugins compatible for Editor in 0.71 ms, found 3 plugins.
Preloading 0 native plugins for Editor in 0.00 ms.
Unloading 2942 Unused Serialized files (Serialized files now loaded: 0)
System memory in use before: 109.1 MB.
System memory in use after: 109.3 MB.

Unloading 17 unused Assets to reduce memory usage. Loaded Objects now: 3481.
Total: 2.345500 ms (FindLiveObjects: 0.392600 ms CreateObjectMapping: 0.074000 ms MarkObjects: 1.856000 ms  DeleteObjects: 0.022100 ms)

========================================================================
Received Prepare
Registering precompiled user dll's ...
Registered in 0.004931 seconds.
Begin MonoManager ReloadAssembly
Symbol file LoadedFromMemory doesn't match image C:\Users\nadig\OneDrive\Documentos\GitHub\Networking\TCP_UDP\Library\PackageCache\com.unity.visualscripting@1.6.1\Editor\VisualScripting.Core\Dependencies\YamlDotNet\Unity.VisualScripting.YamlDotNet.dll
Symbol file LoadedFromMemory doesn't match image C:\Users\nadig\OneDrive\Documentos\GitHub\Networking\TCP_UDP\Library\PackageCache\com.unity.visualscripting@1.6.1\Editor\VisualScripting.Core\Dependencies\DotNetZip\Unity.VisualScripting.IonicZip.dll
Native extension for WindowsStandalone target not found
Refreshing native plugins compatible for Editor in 0.72 ms, found 3 plugins.
Preloading 0 native plugins for Editor in 0.00 ms.
Invoked RoslynAnalysisRunner static constructor.
RoslynAnalysisRunner will not be running.
RoslynAnalysisRunner has terminated.
Mono: successfully reloaded assembly
- Completed reload, in  0.935 seconds
Platform modules already initialized, skipping
Refreshing native plugins compatible for Editor in 0.74 ms, found 3 plugins.
Preloading 0 native plugins for Editor in 0.00 ms.
Unloading 2942 Unused Serialized files (Serialized files now loaded: 0)
System memory in use before: 109.2 MB.
System memory in use after: 109.4 MB.

Unloading 17 unused Assets to reduce memory usage. Loaded Objects now: 3484.
Total: 2.488200 ms (FindLiveObjects: 0.522700 ms CreateObjectMapping: 0.096100 ms MarkObjects: 1.845200 ms  DeleteObjects: 0.022300 ms)

========================================================================
Received Import Request.
  Time since last request: 398.490058 seconds.
  path: Assets/Fonts/venus-rising-rg.otf
  artifactKey: Guid(38ac5c53e89ae594c92e8aff0a7e86e9) Importer(815301076,1909f56bfc062723c751e8b465ee728b)
Start importing Assets/Fonts/venus-rising-rg.otf using Guid(38ac5c53e89ae594c92e8aff0a7e86e9) Importer(815301076,1909f56bfc062723c751e8b465ee728b)  -> (artifact id: '7980f350b26b896df24aea155fe390b1') in 0.059421 seconds
  Import took 0.064340 seconds .

========================================================================
Received Import Request.
  Time since last request: 158.658374 seconds.
  path: Assets/UI Images/menu1.png
  artifactKey: Guid(7aa62253379740a41a916530dcdb9ce7) Importer(815301076,1909f56bfc062723c751e8b465ee728b)
Start importing Assets/UI Images/menu1.png using Guid(7aa62253379740a41a916530dcdb9ce7) Importer(815301076,1909f56bfc062723c751e8b465ee728b)  -> (artifact id: 'cc6c2c3308042d08b682267fe3e45e30') in 0.020594 seconds
  Import took 0.025504 seconds .

========================================================================
Received Import Request.
  Time since last request: 42.766053 seconds.
  path: Assets/UI Images/menu1.png
  artifactKey: Guid(7aa62253379740a41a916530dcdb9ce7) Importer(815301076,1909f56bfc062723c751e8b465ee728b)
Start importing Assets/UI Images/menu1.png using Guid(7aa62253379740a41a916530dcdb9ce7) Importer(815301076,1909f56bfc062723c751e8b465ee728b)  -> (artifact id: 'ba59d1eeabd513947dc711031c070e11') in 0.015498 seconds
  Import took 0.020298 seconds .

========================================================================
Received Prepare
Registering precompiled user dll's ...
Registered in 0.005315 seconds.
Begin MonoManager ReloadAssembly
Symbol file LoadedFromMemory doesn't match image C:\Users\nadig\OneDrive\Documentos\GitHub\Networking\TCP_UDP\Library\PackageCache\com.unity.visualscripting@1.6.1\Editor\VisualScripting.Core\Dependencies\YamlDotNet\Unity.VisualScripting.YamlDotNet.dll
Symbol file LoadedFromMemory doesn't match image C:\Users\nadig\OneDrive\Documentos\GitHub\Networking\TCP_UDP\Library\PackageCache\com.unity.visualscripting@1.6.1\Editor\VisualScripting.Core\Dependencies\DotNetZip\Unity.VisualScripting.IonicZip.dll
Native extension for WindowsStandalone target not found
Refreshing native plugins compatible for Editor in 0.71 ms, found 3 plugins.
Preloading 0 native plugins for Editor in 0.00 ms.
Invoked RoslynAnalysisRunner static constructor.
RoslynAnalysisRunner will not be running.
RoslynAnalysisRunner has terminated.
Mono: successfully reloaded assembly
- Completed reload, in  0.928 seconds
Platform modules already initialized, skipping
Refreshing native plugins compatible for Editor in 0.72 ms, found 3 plugins.
Preloading 0 native plugins for Editor in 0.00 ms.
Unloading 2942 Unused Serialized files (Serialized files now loaded: 0)
System memory in use before: 109.3 MB.
System memory in use after: 109.5 MB.

Unloading 17 unused Assets to reduce memory usage. Loaded Objects now: 3489.
Total: 2.187700 ms (FindLiveObjects: 0.397100 ms CreateObjectMapping: 0.072200 ms MarkObjects: 1.700200 ms  DeleteObjects: 0.017100 ms)

========================================================================
Received Import Request.
  Time since last request: 262.074326 seconds.
  path: Assets/UI Images/Background.mat
  artifactKey: Guid(8d80b45352268204b8b40f26cbb3ee4b) Importer(815301076,1909f56bfc062723c751e8b465ee728b)
Start importing Assets/UI Images/Background.mat using Guid(8d80b45352268204b8b40f26cbb3ee4b) Importer(815301076,1909f56bfc062723c751e8b465ee728b)  -> (artifact id: 'c31180976c6f4813e1098042411ca58a') in 0.055586 seconds
  Import took 0.060282 seconds .

========================================================================
Received Prepare
Registering precompiled user dll's ...
Registered in 0.005068 seconds.
Begin MonoManager ReloadAssembly
Symbol file LoadedFromMemory doesn't match image C:\Users\nadig\OneDrive\Documentos\GitHub\Networking\TCP_UDP\Library\PackageCache\com.unity.visualscripting@1.6.1\Editor\VisualScripting.Core\Dependencies\YamlDotNet\Unity.VisualScripting.YamlDotNet.dll
Symbol file LoadedFromMemory doesn't match image C:\Users\nadig\OneDrive\Documentos\GitHub\Networking\TCP_UDP\Library\PackageCache\com.unity.visualscripting@1.6.1\Editor\VisualScripting.Core\Dependencies\DotNetZip\Unity.VisualScripting.IonicZip.dll
Native extension for WindowsStandalone target not found
Refreshing native plugins compatible for Editor in 1.44 ms, found 3 plugins.
Preloading 0 native plugins for Editor in 0.00 ms.
Invoked RoslynAnalysisRunner static constructor.
RoslynAnalysisRunner will not be running.
RoslynAnalysisRunner has terminated.
Mono: successfully reloaded assembly
- Completed reload, in  0.909 seconds
Platform modules already initialized, skipping
Refreshing native plugins compatible for Editor in 0.69 ms, found 3 plugins.
Preloading 0 native plugins for Editor in 0.00 ms.
Unloading 2942 Unused Serialized files (Serialized files now loaded: 0)
System memory in use before: 109.4 MB.
System memory in use after: 109.7 MB.

Unloading 17 unused Assets to reduce memory usage. Loaded Objects now: 3493.
Total: 2.392000 ms (FindLiveObjects: 0.439600 ms CreateObjectMapping: 0.070800 ms MarkObjects: 1.854600 ms  DeleteObjects: 0.025700 ms)

========================================================================
Received Import Request.
  Time since last request: 649.382915 seconds.
  path: Assets/UI Images/menu2.png
  artifactKey: Guid(a50826de4ac06c94bad91dd948e5ea15) Importer(815301076,1909f56bfc062723c751e8b465ee728b)
Start importing Assets/UI Images/menu2.png using Guid(a50826de4ac06c94bad91dd948e5ea15) Importer(815301076,1909f56bfc062723c751e8b465ee728b)  -> (artifact id: '6f112969992c563fd18f20d0b224f839') in 0.049605 seconds
  Import took 0.054279 seconds .

========================================================================
Received Prepare
Registering precompiled user dll's ...
Registered in 0.004941 seconds.
Begin MonoManager ReloadAssembly
Symbol file LoadedFromMemory doesn't match image C:\Users\nadig\OneDrive\Documentos\GitHub\Networking\TCP_UDP\Library\PackageCache\com.unity.visualscripting@1.6.1\Editor\VisualScripting.Core\Dependencies\YamlDotNet\Unity.VisualScripting.YamlDotNet.dll
Symbol file LoadedFromMemory doesn't match image C:\Users\nadig\OneDrive\Documentos\GitHub\Networking\TCP_UDP\Library\PackageCache\com.unity.visualscripting@1.6.1\Editor\VisualScripting.Core\Dependencies\DotNetZip\Unity.VisualScripting.IonicZip.dll
Native extension for WindowsStandalone target not found
Refreshing native plugins compatible for Editor in 0.74 ms, found 3 plugins.
Preloading 0 native plugins for Editor in 0.00 ms.
Invoked RoslynAnalysisRunner static constructor.
RoslynAnalysisRunner will not be running.
RoslynAnalysisRunner has terminated.
Mono: successfully reloaded assembly
- Completed reload, in  0.937 seconds
Platform modules already initialized, skipping
Refreshing native plugins compatible for Editor in 0.71 ms, found 3 plugins.
Preloading 0 native plugins for Editor in 0.00 ms.
Unloading 2942 Unused Serialized files (Serialized files now loaded: 0)
System memory in use before: 109.5 MB.
System memory in use after: 109.8 MB.

Unloading 17 unused Assets to reduce memory usage. Loaded Objects now: 3499.
Total: 2.702300 ms (FindLiveObjects: 0.563900 ms CreateObjectMapping: 0.097100 ms MarkObjects: 2.017200 ms  DeleteObjects: 0.022600 ms)

========================================================================
Received Prepare
Registering precompiled user dll's ...
Registered in 0.004858 seconds.
Begin MonoManager ReloadAssembly
Symbol file LoadedFromMemory doesn't match image C:\Users\nadig\OneDrive\Documentos\GitHub\Networking\TCP_UDP\Library\PackageCache\com.unity.visualscripting@1.6.1\Editor\VisualScripting.Core\Dependencies\YamlDotNet\Unity.VisualScripting.YamlDotNet.dll
Symbol file LoadedFromMemory doesn't match image C:\Users\nadig\OneDrive\Documentos\GitHub\Networking\TCP_UDP\Library\PackageCache\com.unity.visualscripting@1.6.1\Editor\VisualScripting.Core\Dependencies\DotNetZip\Unity.VisualScripting.IonicZip.dll
Native extension for WindowsStandalone target not found
Refreshing native plugins compatible for Editor in 0.72 ms, found 3 plugins.
Preloading 0 native plugins for Editor in 0.00 ms.
Invoked RoslynAnalysisRunner static constructor.
RoslynAnalysisRunner will not be running.
RoslynAnalysisRunner has terminated.
Mono: successfully reloaded assembly
- Completed reload, in  0.925 seconds
Platform modules already initialized, skipping
Refreshing native plugins compatible for Editor in 0.71 ms, found 3 plugins.
Preloading 0 native plugins for Editor in 0.00 ms.
Unloading 2942 Unused Serialized files (Serialized files now loaded: 0)
System memory in use before: 109.6 MB.
System memory in use after: 109.9 MB.

Unloading 17 unused Assets to reduce memory usage. Loaded Objects now: 3502.
Total: 2.853600 ms (FindLiveObjects: 0.575900 ms CreateObjectMapping: 0.105800 ms MarkObjects: 2.148300 ms  DeleteObjects: 0.022200 ms)

========================================================================
Received Prepare
Registering precompiled user dll's ...
Registered in 0.004885 seconds.
Begin MonoManager ReloadAssembly
Symbol file LoadedFromMemory doesn't match image C:\Users\nadig\OneDrive\Documentos\GitHub\Networking\TCP_UDP\Library\PackageCache\com.unity.visualscripting@1.6.1\Editor\VisualScripting.Core\Dependencies\YamlDotNet\Unity.VisualScripting.YamlDotNet.dll
Symbol file LoadedFromMemory doesn't match image C:\Users\nadig\OneDrive\Documentos\GitHub\Networking\TCP_UDP\Library\PackageCache\com.unity.visualscripting@1.6.1\Editor\VisualScripting.Core\Dependencies\DotNetZip\Unity.VisualScripting.IonicZip.dll
Native extension for WindowsStandalone target not found
Refreshing native plugins compatible for Editor in 0.73 ms, found 3 plugins.
Preloading 0 native plugins for Editor in 0.00 ms.
Invoked RoslynAnalysisRunner static constructor.
RoslynAnalysisRunner will not be running.
RoslynAnalysisRunner has terminated.
Mono: successfully reloaded assembly
- Completed reload, in  0.943 seconds
Platform modules already initialized, skipping
Refreshing native plugins compatible for Editor in 0.70 ms, found 3 plugins.
Preloading 0 native plugins for Editor in 0.00 ms.
Unloading 2942 Unused Serialized files (Serialized files now loaded: 0)
System memory in use before: 108.8 MB.
System memory in use after: 109.0 MB.

Unloading 17 unused Assets to reduce memory usage. Loaded Objects now: 3505.
Total: 2.081700 ms (FindLiveObjects: 0.370100 ms CreateObjectMapping: 0.070500 ms MarkObjects: 1.622000 ms  DeleteObjects: 0.017500 ms)

========================================================================
Received Prepare
Registering precompiled user dll's ...
Registered in 0.005016 seconds.
Begin MonoManager ReloadAssembly
Symbol file LoadedFromMemory doesn't match image C:\Users\nadig\OneDrive\Documentos\GitHub\Networking\TCP_UDP\Library\PackageCache\com.unity.visualscripting@1.6.1\Editor\VisualScripting.Core\Dependencies\YamlDotNet\Unity.VisualScripting.YamlDotNet.dll
Symbol file LoadedFromMemory doesn't match image C:\Users\nadig\OneDrive\Documentos\GitHub\Networking\TCP_UDP\Library\PackageCache\com.unity.visualscripting@1.6.1\Editor\VisualScripting.Core\Dependencies\DotNetZip\Unity.VisualScripting.IonicZip.dll
Native extension for WindowsStandalone target not found
Refreshing native plugins compatible for Editor in 0.81 ms, found 3 plugins.
Preloading 0 native plugins for Editor in 0.00 ms.
Invoked RoslynAnalysisRunner static constructor.
RoslynAnalysisRunner will not be running.
RoslynAnalysisRunner has terminated.
Mono: successfully reloaded assembly
- Completed reload, in  0.951 seconds
Platform modules already initialized, skipping
Refreshing native plugins compatible for Editor in 0.77 ms, found 3 plugins.
Preloading 0 native plugins for Editor in 0.00 ms.
Unloading 2942 Unused Serialized files (Serialized files now loaded: 0)
System memory in use before: 108.9 MB.
System memory in use after: 109.1 MB.

Unloading 17 unused Assets to reduce memory usage. Loaded Objects now: 3508.
Total: 2.551800 ms (FindLiveObjects: 0.495300 ms CreateObjectMapping: 0.074000 ms MarkObjects: 1.958700 ms  DeleteObjects: 0.022700 ms)

========================================================================
Received Prepare
Registering precompiled user dll's ...
Registered in 0.004887 seconds.
Begin MonoManager ReloadAssembly
Symbol file LoadedFromMemory doesn't match image C:\Users\nadig\OneDrive\Documentos\GitHub\Networking\TCP_UDP\Library\PackageCache\com.unity.visualscripting@1.6.1\Editor\VisualScripting.Core\Dependencies\YamlDotNet\Unity.VisualScripting.YamlDotNet.dll
Symbol file LoadedFromMemory doesn't match image C:\Users\nadig\OneDrive\Documentos\GitHub\Networking\TCP_UDP\Library\PackageCache\com.unity.visualscripting@1.6.1\Editor\VisualScripting.Core\Dependencies\DotNetZip\Unity.VisualScripting.IonicZip.dll
Native extension for WindowsStandalone target not found
Refreshing native plugins compatible for Editor in 0.83 ms, found 3 plugins.
Preloading 0 native plugins for Editor in 0.00 ms.
Invoked RoslynAnalysisRunner static constructor.
RoslynAnalysisRunner will not be running.
RoslynAnalysisRunner has terminated.
Mono: successfully reloaded assembly
- Completed reload, in  0.946 seconds
Platform modules already initialized, skipping
Refreshing native plugins compatible for Editor in 0.70 ms, found 3 plugins.
Preloading 0 native plugins for Editor in 0.00 ms.
Unloading 2942 Unused Serialized files (Serialized files now loaded: 0)
System memory in use before: 109.0 MB.
System memory in use after: 109.2 MB.

Unloading 17 unused Assets to reduce memory usage. Loaded Objects now: 3511.
Total: 2.332300 ms (FindLiveObjects: 0.366300 ms CreateObjectMapping: 0.070700 ms MarkObjects: 1.872600 ms  DeleteObjects: 0.021800 ms)

