Using pre-set license
Built from '2020.2/release' branch; Version is '2020.2.1f1 (270dd8c3da1c) revision 2559448'; Using compiler version '192528614'; Build Type 'Release'
OS: 'Windows 10  (10.0.0) 64bit' Language: 'ca' Physical Memory: 16343 MB
BatchMode: 1, IsHumanControllingUs: 0, StartBugReporterOnCrash: 0, Is64bit: 1, IsPro: 0

 COMMAND LINE ARGUMENTS:
C:\Program Files\Unity\Hub\Editor\2020.2.1f1\Editor\Unity.exe
-adb2
-batchMode
-noUpm
-name
AssetImportWorker0
-projectPath
D:/UPC/Xarxes/Networking/TCP_UDP
-logFile
Logs/AssetImportWorker0.log
-srvPort
61245
Successfully changed project path to: D:/UPC/Xarxes/Networking/TCP_UDP
D:/UPC/Xarxes/Networking/TCP_UDP
Using Asset Import Pipeline V2.
Refreshing native plugins compatible for Editor in 70.36 ms, found 3 plugins.
Preloading 0 native plugins for Editor in 0.00 ms.
Initialize engine version: 2020.2.1f1 (270dd8c3da1c)
[Subsystems] Discovering subsystems at path C:/Program Files/Unity/Hub/Editor/2020.2.1f1/Editor/Data/Resources/UnitySubsystems
[Subsystems] Discovering subsystems at path D:/UPC/Xarxes/Networking/TCP_UDP/Assets
GfxDevice: creating device client; threaded=0
Direct3D:
    Version:  Direct3D 11.0 [level 11.1]
    Renderer: NVIDIA GeForce GTX 1060 6GB (ID=0x1c03)
    Vendor:   
    VRAM:     6052 MB
    Driver:   30.0.14.9613
Initialize mono
Mono path[0] = 'C:/Program Files/Unity/Hub/Editor/2020.2.1f1/Editor/Data/Managed'
Mono path[1] = 'C:/Program Files/Unity/Hub/Editor/2020.2.1f1/Editor/Data/MonoBleedingEdge/lib/mono/unityjit'
Mono config path = 'C:/Program Files/Unity/Hub/Editor/2020.2.1f1/Editor/Data/MonoBleedingEdge/etc'
Using monoOptions --debugger-agent=transport=dt_socket,embedding=1,server=y,suspend=n,address=127.0.0.1:56072
Begin MonoManager ReloadAssembly
Registering precompiled unity dll's ...
Register platform support module: C:/Program Files/Unity/Hub/Editor/2020.2.1f1/Editor/Data/PlaybackEngines/WindowsStandaloneSupport/UnityEditor.WindowsStandalone.Extensions.dll
Registered in 0.001881 seconds.
Native extension for WindowsStandalone target not found
Refreshing native plugins compatible for Editor in 69.19 ms, found 3 plugins.
Preloading 0 native plugins for Editor in 0.00 ms.
Invoked RoslynAnalysisRunner static constructor.
RoslynAnalysisRunner will not be running.
RoslynAnalysisRunner has terminated.
Mono: successfully reloaded assembly
- Completed reload, in  1.126 seconds
Platform modules already initialized, skipping
Registering precompiled user dll's ...
Registered in 0.004836 seconds.
Begin MonoManager ReloadAssembly
Symbol file LoadedFromMemory doesn't match image D:\UPC\Xarxes\Networking\TCP_UDP\Library\PackageCache\com.unity.visualscripting@1.6.1\Editor\VisualScripting.Core\Dependencies\YamlDotNet\Unity.VisualScripting.YamlDotNet.dll
Symbol file LoadedFromMemory doesn't match image D:\UPC\Xarxes\Networking\TCP_UDP\Library\PackageCache\com.unity.visualscripting@1.6.1\Editor\VisualScripting.Core\Dependencies\DotNetZip\Unity.VisualScripting.IonicZip.dll
Native extension for WindowsStandalone target not found
Refreshing native plugins compatible for Editor in 0.51 ms, found 3 plugins.
Preloading 0 native plugins for Editor in 0.00 ms.
Invoked RoslynAnalysisRunner static constructor.
RoslynAnalysisRunner will not be running.
RoslynAnalysisRunner has terminated.
Mono: successfully reloaded assembly
- Completed reload, in  0.998 seconds
Platform modules already initialized, skipping
========================================================================
Worker process is ready to serve import requests
Launched and connected shader compiler UnityShaderCompiler.exe after 0.03 seconds
Refreshing native plugins compatible for Editor in 0.51 ms, found 3 plugins.
Preloading 0 native plugins for Editor in 0.00 ms.
Unloading 2948 Unused Serialized files (Serialized files now loaded: 0)
System memory in use before: 104.3 MB.
System memory in use after: 104.5 MB.

Unloading 22 unused Assets to reduce memory usage. Loaded Objects now: 3380.
Total: 2.285500 ms (FindLiveObjects: 0.308500 ms CreateObjectMapping: 0.259000 ms MarkObjects: 1.658400 ms  DeleteObjects: 0.058700 ms)

========================================================================
Received Import Request.
  path: Assets/Scripts/ServerUDP.cs
  artifactKey: Guid(70985bc0f5c6b5443a9245ebf72457ad) Importer(815301076,1909f56bfc062723c751e8b465ee728b)
Start importing Assets/Scripts/ServerUDP.cs using Guid(70985bc0f5c6b5443a9245ebf72457ad) Importer(815301076,1909f56bfc062723c751e8b465ee728b)  -> (artifact id: '3eb9f08be2326802cb39345deeb8145a') in 0.036779 seconds
  Import took 0.041641 seconds .

========================================================================
Received Import Request.
  Time since last request: 0.007410 seconds.
  path: Assets/UI Images
  artifactKey: Guid(3f4c3677b9499e94cb6883ae164f8cf1) Importer(815301076,1909f56bfc062723c751e8b465ee728b)
Start importing Assets/UI Images using Guid(3f4c3677b9499e94cb6883ae164f8cf1) Importer(815301076,1909f56bfc062723c751e8b465ee728b)  -> (artifact id: '12cb71fd7951ac4d03a44d3aa5ddf492') in 0.006770 seconds
  Import took 0.011760 seconds .

========================================================================
Received Import Request.
  Time since last request: 0.043347 seconds.
  path: Assets/Scripts/ClientUDP.cs
  artifactKey: Guid(493c4d7009da3df42a5f84543e96b8b3) Importer(815301076,1909f56bfc062723c751e8b465ee728b)
Start importing Assets/Scripts/ClientUDP.cs using Guid(493c4d7009da3df42a5f84543e96b8b3) Importer(815301076,1909f56bfc062723c751e8b465ee728b)  -> (artifact id: '3ade7e5db731d7988e4616a03a364fed') in 0.005600 seconds
  Import took 0.009888 seconds .

========================================================================
Received Import Request.
  Time since last request: 0.131829 seconds.
  path: Assets/UI Images/menu1.png
  artifactKey: Guid(7aa62253379740a41a916530dcdb9ce7) Importer(815301076,1909f56bfc062723c751e8b465ee728b)
Start importing Assets/UI Images/menu1.png using Guid(7aa62253379740a41a916530dcdb9ce7) Importer(815301076,1909f56bfc062723c751e8b465ee728b)  -> (artifact id: '64c1baff6163b8954d7fde9cd0f9fb8e') in 0.215196 seconds
  Import took 0.219575 seconds .

========================================================================
Received Import Request.
  Time since last request: 0.033103 seconds.
  path: Assets/UI Images/menu2.2.png
  artifactKey: Guid(24771c945c14ba442b54071e7ee07467) Importer(815301076,1909f56bfc062723c751e8b465ee728b)
Start importing Assets/UI Images/menu2.2.png using Guid(24771c945c14ba442b54071e7ee07467) Importer(815301076,1909f56bfc062723c751e8b465ee728b)  -> (artifact id: 'e47c08ffd32e5d4c5432638c1f6f871e') in 0.013304 seconds
  Import took 0.017469 seconds .

========================================================================
Received Import Request.
  Time since last request: 0.028497 seconds.
  path: Assets/Scripts/ClientTCP.cs
  artifactKey: Guid(c689a57a8bd78f745a90c579ce7fa1a6) Importer(815301076,1909f56bfc062723c751e8b465ee728b)
Start importing Assets/Scripts/ClientTCP.cs using Guid(c689a57a8bd78f745a90c579ce7fa1a6) Importer(815301076,1909f56bfc062723c751e8b465ee728b)  -> (artifact id: '9cde1e640273d71bdaf96d0e8ca30f1d') in 0.005060 seconds
  Import took 0.009233 seconds .

========================================================================
Received Import Request.
  Time since last request: 0.050188 seconds.
  path: Assets/Scripts/ClientBase.cs
  artifactKey: Guid(0fa462ae1f97df54fac1e850c80d1f6c) Importer(815301076,1909f56bfc062723c751e8b465ee728b)
Start importing Assets/Scripts/ClientBase.cs using Guid(0fa462ae1f97df54fac1e850c80d1f6c) Importer(815301076,1909f56bfc062723c751e8b465ee728b)  -> (artifact id: '97c2c1bd07fb462bbf16408d08df76fa') in 0.005002 seconds
  Import took 0.009111 seconds .

========================================================================
Received Import Request.
  Time since last request: 0.005863 seconds.
  path: Assets/Scripts/TextLogControl.cs
  artifactKey: Guid(ba3e047c953a6664b83150ae1d3178d0) Importer(815301076,1909f56bfc062723c751e8b465ee728b)
Start importing Assets/Scripts/TextLogControl.cs using Guid(ba3e047c953a6664b83150ae1d3178d0) Importer(815301076,1909f56bfc062723c751e8b465ee728b)  -> (artifact id: '1a58cf25f12f2c9cbcb703755d5e05a3') in 0.005296 seconds
  Import took 0.009439 seconds .

========================================================================
Received Import Request.
  Time since last request: 0.117842 seconds.
  path: Assets/Scripts/ClientProgram.cs
  artifactKey: Guid(2380816ecb756bd40a43f2681a6374e2) Importer(815301076,1909f56bfc062723c751e8b465ee728b)
Start importing Assets/Scripts/ClientProgram.cs using Guid(2380816ecb756bd40a43f2681a6374e2) Importer(815301076,1909f56bfc062723c751e8b465ee728b)  -> (artifact id: '53bad377aa34a71adfd5b88cdd68548f') in 0.005138 seconds
  Import took 0.017774 seconds .

========================================================================
Received Import Request.
  Time since last request: 0.043076 seconds.
  path: Assets/UI Images/menu3.png
  artifactKey: Guid(ca6e05d39b3632d439ac25ce140a1388) Importer(815301076,1909f56bfc062723c751e8b465ee728b)
Start importing Assets/UI Images/menu3.png using Guid(ca6e05d39b3632d439ac25ce140a1388) Importer(815301076,1909f56bfc062723c751e8b465ee728b)  -> (artifact id: '7f00ade49bd2601cd4d072b56645b216') in 0.024195 seconds
  Import took 0.028679 seconds .

========================================================================
Received Import Request.
  Time since last request: 0.033623 seconds.
  path: Assets/Scripts/ServerTCP.cs
  artifactKey: Guid(a83a8419506f3cf4d8a7b9409cacb194) Importer(815301076,1909f56bfc062723c751e8b465ee728b)
Start importing Assets/Scripts/ServerTCP.cs using Guid(a83a8419506f3cf4d8a7b9409cacb194) Importer(815301076,1909f56bfc062723c751e8b465ee728b)  -> (artifact id: 'd63ad3d24dab7ed3525f248ba41f6ccf') in 0.005526 seconds
  Import took 0.010009 seconds .

========================================================================
Received Import Request.
  Time since last request: 0.021464 seconds.
  path: Assets/Fonts/venus-rising-rg.otf
  artifactKey: Guid(38ac5c53e89ae594c92e8aff0a7e86e9) Importer(815301076,1909f56bfc062723c751e8b465ee728b)
Start importing Assets/Fonts/venus-rising-rg.otf using Guid(38ac5c53e89ae594c92e8aff0a7e86e9) Importer(815301076,1909f56bfc062723c751e8b465ee728b)  -> (artifact id: '2490dc6e4e03c0da030ae24a179fb397') in 0.055685 seconds
  Import took 0.062710 seconds .

========================================================================
Received Import Request.
  Time since last request: 0.054288 seconds.
  path: Assets/Scripts/ServerBase.cs
  artifactKey: Guid(9c31e6cf76bf29f4cb07a124af729ca2) Importer(815301076,1909f56bfc062723c751e8b465ee728b)
Start importing Assets/Scripts/ServerBase.cs using Guid(9c31e6cf76bf29f4cb07a124af729ca2) Importer(815301076,1909f56bfc062723c751e8b465ee728b)  -> (artifact id: '1b1c65109cfdf83303ef9e61b7410604') in 0.020751 seconds
  Import took 0.034152 seconds .

========================================================================
Received Import Request.
  Time since last request: 0.010046 seconds.
  path: Assets/Scripts/TextLogItem.cs
  artifactKey: Guid(779fd656753d7bb409629aea5eaf48f1) Importer(815301076,1909f56bfc062723c751e8b465ee728b)
Start importing Assets/Scripts/TextLogItem.cs using Guid(779fd656753d7bb409629aea5eaf48f1) Importer(815301076,1909f56bfc062723c751e8b465ee728b)  -> (artifact id: 'bbdefa828ea0da3821ee6b9712bb288c') in 0.006496 seconds
  Import took 0.011947 seconds .

========================================================================
Received Import Request.
  Time since last request: 0.022972 seconds.
  path: Assets/Scripts/ServerProgram.cs
  artifactKey: Guid(b406e6f9ddb0fdf41846719523740b37) Importer(815301076,1909f56bfc062723c751e8b465ee728b)
Start importing Assets/Scripts/ServerProgram.cs using Guid(b406e6f9ddb0fdf41846719523740b37) Importer(815301076,1909f56bfc062723c751e8b465ee728b)  -> (artifact id: '0509595a2a060139a8d3e964177ec579') in 0.005044 seconds
  Import took 0.009145 seconds .

========================================================================
Received Import Request.
  Time since last request: 0.042826 seconds.
  path: Assets/UI Images/menu2.png
  artifactKey: Guid(a50826de4ac06c94bad91dd948e5ea15) Importer(815301076,1909f56bfc062723c751e8b465ee728b)
Start importing Assets/UI Images/menu2.png using Guid(a50826de4ac06c94bad91dd948e5ea15) Importer(815301076,1909f56bfc062723c751e8b465ee728b)  -> (artifact id: '849ee0340749c4518bae24a771cde4ef') in 0.031992 seconds
  Import took 0.038666 seconds .

========================================================================
Received Import Request.
  Time since last request: 0.035184 seconds.
  path: Assets/UI Images/wallpaperbetter.jpg
  artifactKey: Guid(e912ff343746d6740b42de08f1a5c319) Importer(815301076,1909f56bfc062723c751e8b465ee728b)
Start importing Assets/UI Images/wallpaperbetter.jpg using Guid(e912ff343746d6740b42de08f1a5c319) Importer(815301076,1909f56bfc062723c751e8b465ee728b)  -> (artifact id: 'a375ca62ce32bea92b1fdc06909e51d1') in 0.015835 seconds
  Import took 0.020519 seconds .

========================================================================
Received Import Request.
  Time since last request: 0.005965 seconds.
  path: Assets/UI Images/Background 1.mat
  artifactKey: Guid(d6de00ad02e032f4b9a7865af605e7dd) Importer(815301076,1909f56bfc062723c751e8b465ee728b)
Start importing Assets/UI Images/Background 1.mat using Guid(d6de00ad02e032f4b9a7865af605e7dd) Importer(815301076,1909f56bfc062723c751e8b465ee728b)  -> (artifact id: '33cd5a15e9626148ca4d7762dd46f483') in 0.014833 seconds
  Import took 0.018986 seconds .

========================================================================
Received Import Request.
  Time since last request: 0.033407 seconds.
  path: Assets/UI Images/Background.mat
  artifactKey: Guid(8d80b45352268204b8b40f26cbb3ee4b) Importer(815301076,1909f56bfc062723c751e8b465ee728b)
Start importing Assets/UI Images/Background.mat using Guid(8d80b45352268204b8b40f26cbb3ee4b) Importer(815301076,1909f56bfc062723c751e8b465ee728b)  -> (artifact id: '2a01d8a2110e21e7cd5acbfd40715f86') in 0.011780 seconds
  Import took 0.016017 seconds .

========================================================================
Received Import Request.
  Time since last request: 0.046446 seconds.
  path: Assets/UI Images/wallpaperbetter_Server.jpg
  artifactKey: Guid(bbb24fa133e0914458870b7aaf6d080c) Importer(815301076,1909f56bfc062723c751e8b465ee728b)
Start importing Assets/UI Images/wallpaperbetter_Server.jpg using Guid(bbb24fa133e0914458870b7aaf6d080c) Importer(815301076,1909f56bfc062723c751e8b465ee728b)  -> (artifact id: '07aa768bc6d7a077b4bf33d516f24b05') in 0.019170 seconds
  Import took 0.023953 seconds .

AssetImportWorkerClient::OnTransportError - code=2 error=End of file
