Using pre-set license
Built from '2020.2/release' branch; Version is '2020.2.1f1 (270dd8c3da1c) revision 2559448'; Using compiler version '192528614'; Build Type 'Release'
OS: 'Windows 10  (10.0.0) 64bit' Language: 'es' Physical Memory: 16343 MB
BatchMode: 1, IsHumanControllingUs: 0, StartBugReporterOnCrash: 0, Is64bit: 1, IsPro: 0

 COMMAND LINE ARGUMENTS:
C:\Program Files\Unity\Hub\Editor\2020.2.1f1\Editor\Unity.exe
-adb2
-batchMode
-noUpm
-name
AssetImportWorker0
-projectPath
D:/UPC/Xarxes/Networking/Networking - Optional Exercice
-logFile
Logs/AssetImportWorker0.log
-srvPort
63149
Successfully changed project path to: D:/UPC/Xarxes/Networking/Networking - Optional Exercice
D:/UPC/Xarxes/Networking/Networking - Optional Exercice
Using Asset Import Pipeline V2.
Refreshing native plugins compatible for Editor in 19.36 ms, found 0 plugins.
Preloading 0 native plugins for Editor in 0.00 ms.
Initialize engine version: 2020.2.1f1 (270dd8c3da1c)
[Subsystems] Discovering subsystems at path C:/Program Files/Unity/Hub/Editor/2020.2.1f1/Editor/Data/Resources/UnitySubsystems
[Subsystems] Discovering subsystems at path D:/UPC/Xarxes/Networking/Networking - Optional Exercice/Assets
GfxDevice: creating device client; threaded=0
Direct3D:
    Version:  Direct3D 11.0 [level 11.1]
    Renderer: NVIDIA GeForce GTX 1060 6GB (ID=0x1c03)
    Vendor:   
    VRAM:     6052 MB
    Driver:   30.0.14.7212
Initialize mono
Mono path[0] = 'C:/Program Files/Unity/Hub/Editor/2020.2.1f1/Editor/Data/Managed'
Mono path[1] = 'C:/Program Files/Unity/Hub/Editor/2020.2.1f1/Editor/Data/MonoBleedingEdge/lib/mono/unityjit'
Mono config path = 'C:/Program Files/Unity/Hub/Editor/2020.2.1f1/Editor/Data/MonoBleedingEdge/etc'
Using monoOptions --debugger-agent=transport=dt_socket,embedding=1,server=y,suspend=n,address=127.0.0.1:56056
Begin MonoManager ReloadAssembly
Registering precompiled unity dll's ...
Register platform support module: C:/Program Files/Unity/Hub/Editor/2020.2.1f1/Editor/Data/PlaybackEngines/WindowsStandaloneSupport/UnityEditor.WindowsStandalone.Extensions.dll
Registered in 0.001832 seconds.
Native extension for WindowsStandalone target not found
Refreshing native plugins compatible for Editor in 22.19 ms, found 0 plugins.
Preloading 0 native plugins for Editor in 0.00 ms.
Invoked RoslynAnalysisRunner static constructor.
RoslynAnalysisRunner will not be running.
RoslynAnalysisRunner has terminated.
Mono: successfully reloaded assembly
- Completed reload, in  1.133 seconds
Platform modules already initialized, skipping
Registering precompiled user dll's ...
Registered in 0.000579 seconds.
Begin MonoManager ReloadAssembly
Native extension for WindowsStandalone target not found
Refreshing native plugins compatible for Editor in 0.19 ms, found 0 plugins.
Preloading 0 native plugins for Editor in 0.00 ms.
Invoked RoslynAnalysisRunner static constructor.
RoslynAnalysisRunner will not be running.
RoslynAnalysisRunner has terminated.
Mono: successfully reloaded assembly
- Completed reload, in  0.772 seconds
Platform modules already initialized, skipping
========================================================================
Worker process is ready to serve import requests
Launched and connected shader compiler UnityShaderCompiler.exe after 0.03 seconds
Refreshing native plugins compatible for Editor in 0.20 ms, found 0 plugins.
Preloading 0 native plugins for Editor in 0.00 ms.
Unloading 1075 Unused Serialized files (Serialized files now loaded: 0)
System memory in use before: 55.3 MB.
System memory in use after: 55.3 MB.

Unloading 10 unused Assets to reduce memory usage. Loaded Objects now: 1514.
Total: 1.700700 ms (FindLiveObjects: 0.117800 ms CreateObjectMapping: 0.029300 ms MarkObjects: 1.465000 ms  DeleteObjects: 0.087600 ms)

========================================================================
Received Import Request.
  path: Assets/3127_ChipDispenser_TextureDiffuse.png
  artifactKey: Guid(366ab8d7f8236414fbea17069934e037) Importer(815301076,1909f56bfc062723c751e8b465ee728b)
Start importing Assets/3127_ChipDispenser_TextureDiffuse.png using Guid(366ab8d7f8236414fbea17069934e037) Importer(815301076,1909f56bfc062723c751e8b465ee728b)  -> (artifact id: 'a83915fe51fe7b91d4275d7bdfea8c13') in 0.067730 seconds
  Import took 0.069325 seconds .

========================================================================
Received Import Request.
  Time since last request: 0.000304 seconds.
  path: Assets/3127_ChipDispenser.fbx
  artifactKey: Guid(51ede04388b35f24e871914f1128a643) Importer(815301076,1909f56bfc062723c751e8b465ee728b)
Start importing Assets/3127_ChipDispenser.fbx using Guid(51ede04388b35f24e871914f1128a643) Importer(815301076,1909f56bfc062723c751e8b465ee728b)  -> (artifact id: 'dd48f4c3de24082cc98029b05ff0d77a') in 0.595181 seconds
  Import took 0.597248 seconds .

========================================================================
Received Import Request.
  Time since last request: 0.000312 seconds.
  path: Assets/3127_ChipDispenser_TextureMetallicRough.png
  artifactKey: Guid(7d9c51fd8e67e1341a2bbd1d9d8571f2) Importer(815301076,1909f56bfc062723c751e8b465ee728b)
Start importing Assets/3127_ChipDispenser_TextureMetallicRough.png using Guid(7d9c51fd8e67e1341a2bbd1d9d8571f2) Importer(815301076,1909f56bfc062723c751e8b465ee728b)  -> (artifact id: '8e2701c2b8fecc8d39326439c7757eb9') in 0.012621 seconds
  Import took 0.014833 seconds .

========================================================================
Received Import Request.
  Time since last request: 0.000249 seconds.
  path: Assets/3127_ChipDispenser_TextureNormal.png
  artifactKey: Guid(8519751bce73704459f92aa10dd7a255) Importer(815301076,1909f56bfc062723c751e8b465ee728b)
Start importing Assets/3127_ChipDispenser_TextureNormal.png using Guid(8519751bce73704459f92aa10dd7a255) Importer(815301076,1909f56bfc062723c751e8b465ee728b)  -> (artifact id: 'bbbaa4248dc3f66fa74a5e9bb0b61dbf') in 0.032692 seconds
  Import took 0.034475 seconds .

========================================================================
Received Import Request.
  Time since last request: 0.000265 seconds.
  path: Assets/3127_ChipDispenser_Material.mat
  artifactKey: Guid(e7bf49dc4152359409d06e57e0d251c2) Importer(815301076,1909f56bfc062723c751e8b465ee728b)
Start importing Assets/3127_ChipDispenser_Material.mat using Guid(e7bf49dc4152359409d06e57e0d251c2) Importer(815301076,1909f56bfc062723c751e8b465ee728b)  -> (artifact id: 'a0a42931c735a4cf33fd07ea2af2fca2') in 0.032823 seconds
  Import took 0.034896 seconds .

========================================================================
Received Import Request.
  Time since last request: 138.819280 seconds.
  path: Assets/Spawning.cs
  artifactKey: Guid(8c3a0334218cd6d48b5a2fe8cc3de0d3) Importer(815301076,1909f56bfc062723c751e8b465ee728b)
Start importing Assets/Spawning.cs using Guid(8c3a0334218cd6d48b5a2fe8cc3de0d3) Importer(815301076,1909f56bfc062723c751e8b465ee728b)  -> (artifact id: 'c0ca7b7a18c7794d15d5c0e38345f7f9') in 0.014841 seconds
  Import took 0.016614 seconds .

========================================================================
Received Import Request.
  Time since last request: 0.422537 seconds.
  path: Assets/Spawning.cs
  artifactKey: Guid(8c3a0334218cd6d48b5a2fe8cc3de0d3) Importer(815301076,1909f56bfc062723c751e8b465ee728b)
Start importing Assets/Spawning.cs using Guid(8c3a0334218cd6d48b5a2fe8cc3de0d3) Importer(815301076,1909f56bfc062723c751e8b465ee728b)  -> (artifact id: 'c0ca7b7a18c7794d15d5c0e38345f7f9') in 0.002324 seconds
  Import took 0.004186 seconds .

========================================================================
Received Import Request.
  Time since last request: 30.968282 seconds.
  path: Assets/Scenes
  artifactKey: Guid(0b309dc0fed59124eadf3fdb91878d29) Importer(815301076,1909f56bfc062723c751e8b465ee728b)
Start importing Assets/Scenes using Guid(0b309dc0fed59124eadf3fdb91878d29) Importer(815301076,1909f56bfc062723c751e8b465ee728b)  -> (artifact id: 'd860c04b8e00a1e66f4ba8e8e54f91a7') in 0.006911 seconds
  Import took 0.009488 seconds .

========================================================================
Received Prepare
Registering precompiled user dll's ...
Registered in 0.000592 seconds.
Begin MonoManager ReloadAssembly
Native extension for WindowsStandalone target not found
Refreshing native plugins compatible for Editor in 0.18 ms, found 0 plugins.
Preloading 0 native plugins for Editor in 0.00 ms.
Invoked RoslynAnalysisRunner static constructor.
RoslynAnalysisRunner will not be running.
RoslynAnalysisRunner has terminated.
Mono: successfully reloaded assembly
- Completed reload, in  0.716 seconds
Platform modules already initialized, skipping
Refreshing native plugins compatible for Editor in 0.17 ms, found 0 plugins.
Preloading 0 native plugins for Editor in 0.00 ms.
Unloading 1070 Unused Serialized files (Serialized files now loaded: 0)
System memory in use before: 59.3 MB.
System memory in use after: 59.4 MB.

Unloading 5 unused Assets to reduce memory usage. Loaded Objects now: 1564.
Total: 1.596100 ms (FindLiveObjects: 0.157400 ms CreateObjectMapping: 0.030100 ms MarkObjects: 1.335600 ms  DeleteObjects: 0.072200 ms)

========================================================================
Received Prepare
Registering precompiled user dll's ...
Registered in 0.000556 seconds.
Begin MonoManager ReloadAssembly
Native extension for WindowsStandalone target not found
Refreshing native plugins compatible for Editor in 0.18 ms, found 0 plugins.
Preloading 0 native plugins for Editor in 0.00 ms.
Invoked RoslynAnalysisRunner static constructor.
RoslynAnalysisRunner will not be running.
RoslynAnalysisRunner has terminated.
Mono: successfully reloaded assembly
- Completed reload, in  0.697 seconds
Platform modules already initialized, skipping
Refreshing native plugins compatible for Editor in 0.17 ms, found 0 plugins.
Preloading 0 native plugins for Editor in 0.00 ms.
Unloading 1070 Unused Serialized files (Serialized files now loaded: 0)
System memory in use before: 59.4 MB.
System memory in use after: 59.5 MB.

Unloading 5 unused Assets to reduce memory usage. Loaded Objects now: 1566.
Total: 1.618600 ms (FindLiveObjects: 0.144600 ms CreateObjectMapping: 0.038000 ms MarkObjects: 1.358300 ms  DeleteObjects: 0.076900 ms)

========================================================================
Received Prepare
Registering precompiled user dll's ...
Registered in 0.000580 seconds.
Begin MonoManager ReloadAssembly
Native extension for WindowsStandalone target not found
Refreshing native plugins compatible for Editor in 0.17 ms, found 0 plugins.
Preloading 0 native plugins for Editor in 0.00 ms.
Invoked RoslynAnalysisRunner static constructor.
RoslynAnalysisRunner will not be running.
RoslynAnalysisRunner has terminated.
Mono: successfully reloaded assembly
- Completed reload, in  0.700 seconds
Platform modules already initialized, skipping
Refreshing native plugins compatible for Editor in 0.17 ms, found 0 plugins.
Preloading 0 native plugins for Editor in 0.00 ms.
Unloading 1070 Unused Serialized files (Serialized files now loaded: 0)
System memory in use before: 59.5 MB.
System memory in use after: 59.6 MB.

Unloading 5 unused Assets to reduce memory usage. Loaded Objects now: 1568.
Total: 1.606700 ms (FindLiveObjects: 0.141400 ms CreateObjectMapping: 0.032200 ms MarkObjects: 1.361400 ms  DeleteObjects: 0.071000 ms)

========================================================================
Received Prepare
Registering precompiled user dll's ...
Registered in 0.000925 seconds.
Begin MonoManager ReloadAssembly
Native extension for WindowsStandalone target not found
Refreshing native plugins compatible for Editor in 0.19 ms, found 0 plugins.
Preloading 0 native plugins for Editor in 0.00 ms.
Invoked RoslynAnalysisRunner static constructor.
RoslynAnalysisRunner will not be running.
RoslynAnalysisRunner has terminated.
Mono: successfully reloaded assembly
- Completed reload, in  0.675 seconds
Platform modules already initialized, skipping
Refreshing native plugins compatible for Editor in 0.18 ms, found 0 plugins.
Preloading 0 native plugins for Editor in 0.00 ms.
Unloading 1070 Unused Serialized files (Serialized files now loaded: 0)
System memory in use before: 59.7 MB.
System memory in use after: 59.7 MB.

Unloading 5 unused Assets to reduce memory usage. Loaded Objects now: 1570.
Total: 1.603200 ms (FindLiveObjects: 0.111900 ms CreateObjectMapping: 0.029200 ms MarkObjects: 1.406800 ms  DeleteObjects: 0.054200 ms)

========================================================================
Received Prepare
Registering precompiled user dll's ...
Registered in 0.000622 seconds.
Begin MonoManager ReloadAssembly
Native extension for WindowsStandalone target not found
Refreshing native plugins compatible for Editor in 0.18 ms, found 0 plugins.
Preloading 0 native plugins for Editor in 0.00 ms.
Invoked RoslynAnalysisRunner static constructor.
RoslynAnalysisRunner will not be running.
RoslynAnalysisRunner has terminated.
Mono: successfully reloaded assembly
- Completed reload, in  0.728 seconds
Platform modules already initialized, skipping
Refreshing native plugins compatible for Editor in 0.18 ms, found 0 plugins.
Preloading 0 native plugins for Editor in 0.00 ms.
Unloading 1070 Unused Serialized files (Serialized files now loaded: 0)
System memory in use before: 59.8 MB.
System memory in use after: 59.9 MB.

Unloading 5 unused Assets to reduce memory usage. Loaded Objects now: 1572.
Total: 1.633600 ms (FindLiveObjects: 0.121600 ms CreateObjectMapping: 0.029200 ms MarkObjects: 1.415500 ms  DeleteObjects: 0.066200 ms)

========================================================================
Received Prepare
Registering precompiled user dll's ...
Registered in 0.000619 seconds.
Begin MonoManager ReloadAssembly
Native extension for WindowsStandalone target not found
Refreshing native plugins compatible for Editor in 0.18 ms, found 0 plugins.
Preloading 0 native plugins for Editor in 0.00 ms.
Invoked RoslynAnalysisRunner static constructor.
RoslynAnalysisRunner will not be running.
RoslynAnalysisRunner has terminated.
Mono: successfully reloaded assembly
- Completed reload, in  0.683 seconds
Platform modules already initialized, skipping
Refreshing native plugins compatible for Editor in 0.17 ms, found 0 plugins.
Preloading 0 native plugins for Editor in 0.00 ms.
Unloading 1070 Unused Serialized files (Serialized files now loaded: 0)
System memory in use before: 59.9 MB.
System memory in use after: 60.0 MB.

Unloading 5 unused Assets to reduce memory usage. Loaded Objects now: 1574.
Total: 1.588900 ms (FindLiveObjects: 0.126000 ms CreateObjectMapping: 0.034700 ms MarkObjects: 1.368000 ms  DeleteObjects: 0.059300 ms)

