Using pre-set license
Built from '2020.2/release' branch; Version is '2020.2.1f1 (270dd8c3da1c) revision 2559448'; Using compiler version '192528614'; Build Type 'Release'
OS: 'Windows 10  (10.0.0) 64bit' Language: 'es' Physical Memory: 16336 MB
BatchMode: 1, IsHumanControllingUs: 0, StartBugReporterOnCrash: 0, Is64bit: 1, IsPro: 0

 COMMAND LINE ARGUMENTS:
C:\Program Files\Unity\Hub\Editor\2020.2.1f1\Editor\Unity.exe
-adb2
-batchMode
-noUpm
-name
AssetImportWorker0
-projectPath
C:/Users/nadig/OneDrive/Documentos/GitHub/Networking/Networking - Optional Exercice
-logFile
Logs/AssetImportWorker0.log
-srvPort
64200
Successfully changed project path to: C:/Users/nadig/OneDrive/Documentos/GitHub/Networking/Networking - Optional Exercice
C:/Users/nadig/OneDrive/Documentos/GitHub/Networking/Networking - Optional Exercice
Using Asset Import Pipeline V2.
Refreshing native plugins compatible for Editor in 20.30 ms, found 0 plugins.
Preloading 0 native plugins for Editor in 0.00 ms.
Initialize engine version: 2020.2.1f1 (270dd8c3da1c)
[Subsystems] Discovering subsystems at path C:/Program Files/Unity/Hub/Editor/2020.2.1f1/Editor/Data/Resources/UnitySubsystems
[Subsystems] Discovering subsystems at path C:/Users/nadig/OneDrive/Documentos/GitHub/Networking/Networking - Optional Exercice/Assets
GfxDevice: creating device client; threaded=0
Direct3D:
    Version:  Direct3D 11.0 [level 11.1]
    Renderer: NVIDIA GeForce RTX 2060 (ID=0x1e89)
    Vendor:   
    VRAM:     5968 MB
    Driver:   27.21.14.5671
Initialize mono
Mono path[0] = 'C:/Program Files/Unity/Hub/Editor/2020.2.1f1/Editor/Data/Managed'
Mono path[1] = 'C:/Program Files/Unity/Hub/Editor/2020.2.1f1/Editor/Data/MonoBleedingEdge/lib/mono/unityjit'
Mono config path = 'C:/Program Files/Unity/Hub/Editor/2020.2.1f1/Editor/Data/MonoBleedingEdge/etc'
Using monoOptions --debugger-agent=transport=dt_socket,embedding=1,server=y,suspend=n,address=127.0.0.1:56804
Begin MonoManager ReloadAssembly
Registering precompiled unity dll's ...
Register platform support module: C:/Program Files/Unity/Hub/Editor/2020.2.1f1/Editor/Data/PlaybackEngines/WindowsStandaloneSupport/UnityEditor.WindowsStandalone.Extensions.dll
Registered in 0.001730 seconds.
Native extension for WindowsStandalone target not found
Refreshing native plugins compatible for Editor in 21.69 ms, found 0 plugins.
Preloading 0 native plugins for Editor in 0.00 ms.
Invoked RoslynAnalysisRunner static constructor.
RoslynAnalysisRunner will not be running.
RoslynAnalysisRunner has terminated.
Mono: successfully reloaded assembly
- Completed reload, in  1.857 seconds
Platform modules already initialized, skipping
Registering precompiled user dll's ...
Registered in 0.000526 seconds.
Begin MonoManager ReloadAssembly
Native extension for WindowsStandalone target not found
Refreshing native plugins compatible for Editor in 0.26 ms, found 0 plugins.
Preloading 0 native plugins for Editor in 0.00 ms.
Invoked RoslynAnalysisRunner static constructor.
RoslynAnalysisRunner will not be running.
RoslynAnalysisRunner has terminated.
Mono: successfully reloaded assembly
- Completed reload, in  0.691 seconds
Platform modules already initialized, skipping
========================================================================
Worker process is ready to serve import requests
Launched and connected shader compiler UnityShaderCompiler.exe after 0.03 seconds
Refreshing native plugins compatible for Editor in 0.27 ms, found 0 plugins.
Preloading 0 native plugins for Editor in 0.00 ms.
Unloading 1075 Unused Serialized files (Serialized files now loaded: 0)
System memory in use before: 56.0 MB.
System memory in use after: 56.1 MB.

Unloading 9 unused Assets to reduce memory usage. Loaded Objects now: 1517.
Total: 2.265200 ms (FindLiveObjects: 0.273300 ms CreateObjectMapping: 0.040400 ms MarkObjects: 1.888400 ms  DeleteObjects: 0.061400 ms)

========================================================================
Received Import Request.
  path: Assets/Spawning.cs
  artifactKey: Guid(8c3a0334218cd6d48b5a2fe8cc3de0d3) Importer(815301076,1909f56bfc062723c751e8b465ee728b)
Start importing Assets/Spawning.cs using Guid(8c3a0334218cd6d48b5a2fe8cc3de0d3) Importer(815301076,1909f56bfc062723c751e8b465ee728b)  -> (artifact id: '1b6c014eeda4d5e22acb09df639c78aa') in 0.029162 seconds
  Import took 0.031554 seconds .

========================================================================
Received Import Request.
  Time since last request: 90.585627 seconds.
  path: Assets/Spawning.cs
  artifactKey: Guid(8c3a0334218cd6d48b5a2fe8cc3de0d3) Importer(815301076,1909f56bfc062723c751e8b465ee728b)
Start importing Assets/Spawning.cs using Guid(8c3a0334218cd6d48b5a2fe8cc3de0d3) Importer(815301076,1909f56bfc062723c751e8b465ee728b)  -> (artifact id: '28f8830726e1800d260c9a6aea2f0045') in 0.003736 seconds
  Import took 0.005655 seconds .

========================================================================
Received Prepare
Registering precompiled user dll's ...
Registered in 0.000572 seconds.
Begin MonoManager ReloadAssembly
Native extension for WindowsStandalone target not found
Refreshing native plugins compatible for Editor in 0.23 ms, found 0 plugins.
Preloading 0 native plugins for Editor in 0.00 ms.
Invoked RoslynAnalysisRunner static constructor.
RoslynAnalysisRunner will not be running.
RoslynAnalysisRunner has terminated.
Mono: successfully reloaded assembly
- Completed reload, in  0.676 seconds
Platform modules already initialized, skipping
Refreshing native plugins compatible for Editor in 0.23 ms, found 0 plugins.
Preloading 0 native plugins for Editor in 0.00 ms.
Unloading 1070 Unused Serialized files (Serialized files now loaded: 0)
System memory in use before: 56.1 MB.
System memory in use after: 56.2 MB.

Unloading 4 unused Assets to reduce memory usage. Loaded Objects now: 1519.
Total: 1.468100 ms (FindLiveObjects: 0.158700 ms CreateObjectMapping: 0.027800 ms MarkObjects: 1.267900 ms  DeleteObjects: 0.012900 ms)

========================================================================
Received Prepare
Registering precompiled user dll's ...
Registered in 0.000555 seconds.
Begin MonoManager ReloadAssembly
Native extension for WindowsStandalone target not found
Refreshing native plugins compatible for Editor in 0.26 ms, found 0 plugins.
Preloading 0 native plugins for Editor in 0.00 ms.
Invoked RoslynAnalysisRunner static constructor.
RoslynAnalysisRunner will not be running.
RoslynAnalysisRunner has terminated.
Mono: successfully reloaded assembly
- Completed reload, in  0.642 seconds
Platform modules already initialized, skipping
Refreshing native plugins compatible for Editor in 0.23 ms, found 0 plugins.
Preloading 0 native plugins for Editor in 0.00 ms.
Unloading 1070 Unused Serialized files (Serialized files now loaded: 0)
System memory in use before: 56.2 MB.
System memory in use after: 56.3 MB.

Unloading 4 unused Assets to reduce memory usage. Loaded Objects now: 1521.
Total: 1.502600 ms (FindLiveObjects: 0.142900 ms CreateObjectMapping: 0.024800 ms MarkObjects: 1.320700 ms  DeleteObjects: 0.013100 ms)

========================================================================
Received Import Request.
  Time since last request: 3501.228024 seconds.
  path: Assets/Spawning.cs
  artifactKey: Guid(8c3a0334218cd6d48b5a2fe8cc3de0d3) Importer(815301076,1909f56bfc062723c751e8b465ee728b)
Start importing Assets/Spawning.cs using Guid(8c3a0334218cd6d48b5a2fe8cc3de0d3) Importer(815301076,1909f56bfc062723c751e8b465ee728b)  -> (artifact id: '5e0ae56e48c230cd3d2a525017bcde2a') in 0.009621 seconds
  Import took 0.012036 seconds .

========================================================================
Received Prepare
Registering precompiled user dll's ...
Registered in 0.000486 seconds.
Begin MonoManager ReloadAssembly
Native extension for WindowsStandalone target not found
Refreshing native plugins compatible for Editor in 0.24 ms, found 0 plugins.
Preloading 0 native plugins for Editor in 0.00 ms.
Invoked RoslynAnalysisRunner static constructor.
RoslynAnalysisRunner will not be running.
RoslynAnalysisRunner has terminated.
Mono: successfully reloaded assembly
- Completed reload, in  0.636 seconds
Platform modules already initialized, skipping
Refreshing native plugins compatible for Editor in 0.24 ms, found 0 plugins.
Preloading 0 native plugins for Editor in 0.00 ms.
Unloading 1070 Unused Serialized files (Serialized files now loaded: 0)
System memory in use before: 56.3 MB.
System memory in use after: 56.4 MB.

Unloading 4 unused Assets to reduce memory usage. Loaded Objects now: 1523.
Total: 1.919500 ms (FindLiveObjects: 0.249000 ms CreateObjectMapping: 0.036500 ms MarkObjects: 1.614800 ms  DeleteObjects: 0.018000 ms)

========================================================================
Received Import Request.
  Time since last request: 125.484585 seconds.
  path: Assets/Spawning.cs
  artifactKey: Guid(8c3a0334218cd6d48b5a2fe8cc3de0d3) Importer(815301076,1909f56bfc062723c751e8b465ee728b)
Start importing Assets/Spawning.cs using Guid(8c3a0334218cd6d48b5a2fe8cc3de0d3) Importer(815301076,1909f56bfc062723c751e8b465ee728b)  -> (artifact id: 'fb2ac9face502a0e2328725b966d6ec7') in 0.006478 seconds
  Import took 0.008418 seconds .

========================================================================
Received Import Request.
  Time since last request: 1.380845 seconds.
  path: Assets/Spawning.cs
  artifactKey: Guid(8c3a0334218cd6d48b5a2fe8cc3de0d3) Importer(815301076,1909f56bfc062723c751e8b465ee728b)
Start importing Assets/Spawning.cs using Guid(8c3a0334218cd6d48b5a2fe8cc3de0d3) Importer(815301076,1909f56bfc062723c751e8b465ee728b)  -> (artifact id: 'fb2ac9face502a0e2328725b966d6ec7') in 0.003377 seconds
  Import took 0.005237 seconds .

========================================================================
Received Prepare
Registering precompiled user dll's ...
Registered in 0.000475 seconds.
Begin MonoManager ReloadAssembly
Native extension for WindowsStandalone target not found
Refreshing native plugins compatible for Editor in 0.23 ms, found 0 plugins.
Preloading 0 native plugins for Editor in 0.00 ms.
Invoked RoslynAnalysisRunner static constructor.
RoslynAnalysisRunner will not be running.
RoslynAnalysisRunner has terminated.
Mono: successfully reloaded assembly
- Completed reload, in  0.646 seconds
Platform modules already initialized, skipping
Refreshing native plugins compatible for Editor in 0.24 ms, found 0 plugins.
Preloading 0 native plugins for Editor in 0.00 ms.
Unloading 1070 Unused Serialized files (Serialized files now loaded: 0)
System memory in use before: 56.5 MB.
System memory in use after: 56.6 MB.

Unloading 4 unused Assets to reduce memory usage. Loaded Objects now: 1525.
Total: 1.556500 ms (FindLiveObjects: 0.182000 ms CreateObjectMapping: 0.026400 ms MarkObjects: 1.335000 ms  DeleteObjects: 0.012000 ms)

========================================================================
Received Import Request.
  Time since last request: 73.211366 seconds.
  path: Assets/Spawning.cs
  artifactKey: Guid(8c3a0334218cd6d48b5a2fe8cc3de0d3) Importer(815301076,1909f56bfc062723c751e8b465ee728b)
Start importing Assets/Spawning.cs using Guid(8c3a0334218cd6d48b5a2fe8cc3de0d3) Importer(815301076,1909f56bfc062723c751e8b465ee728b)  -> (artifact id: '61c6453d6747511871f7e62ce8ea4c21') in 0.006191 seconds
  Import took 0.008265 seconds .

========================================================================
Received Import Request.
  Time since last request: 1.381243 seconds.
  path: Assets/Spawning.cs
  artifactKey: Guid(8c3a0334218cd6d48b5a2fe8cc3de0d3) Importer(815301076,1909f56bfc062723c751e8b465ee728b)
Start importing Assets/Spawning.cs using Guid(8c3a0334218cd6d48b5a2fe8cc3de0d3) Importer(815301076,1909f56bfc062723c751e8b465ee728b)  -> (artifact id: '61c6453d6747511871f7e62ce8ea4c21') in 0.003304 seconds
  Import took 0.005177 seconds .

========================================================================
Received Prepare
Registering precompiled user dll's ...
Registered in 0.000518 seconds.
Begin MonoManager ReloadAssembly
Native extension for WindowsStandalone target not found
Refreshing native plugins compatible for Editor in 0.24 ms, found 0 plugins.
Preloading 0 native plugins for Editor in 0.00 ms.
Invoked RoslynAnalysisRunner static constructor.
RoslynAnalysisRunner will not be running.
RoslynAnalysisRunner has terminated.
Mono: successfully reloaded assembly
- Completed reload, in  0.649 seconds
Platform modules already initialized, skipping
Refreshing native plugins compatible for Editor in 0.22 ms, found 0 plugins.
Preloading 0 native plugins for Editor in 0.00 ms.
Unloading 1070 Unused Serialized files (Serialized files now loaded: 0)
System memory in use before: 56.6 MB.
System memory in use after: 56.7 MB.

Unloading 4 unused Assets to reduce memory usage. Loaded Objects now: 1527.
Total: 1.775300 ms (FindLiveObjects: 0.157600 ms CreateObjectMapping: 0.027900 ms MarkObjects: 1.574500 ms  DeleteObjects: 0.014200 ms)

========================================================================
Received Import Request.
  Time since last request: 107.125698 seconds.
  path: Assets/Spawning.cs
  artifactKey: Guid(8c3a0334218cd6d48b5a2fe8cc3de0d3) Importer(815301076,1909f56bfc062723c751e8b465ee728b)
Start importing Assets/Spawning.cs using Guid(8c3a0334218cd6d48b5a2fe8cc3de0d3) Importer(815301076,1909f56bfc062723c751e8b465ee728b)  -> (artifact id: 'f0ab191d958966244555bcd45dedd443') in 0.006216 seconds
  Import took 0.012589 seconds .

========================================================================
Received Prepare
Registering precompiled user dll's ...
Registered in 0.000505 seconds.
Begin MonoManager ReloadAssembly
Native extension for WindowsStandalone target not found
Refreshing native plugins compatible for Editor in 0.23 ms, found 0 plugins.
Preloading 0 native plugins for Editor in 0.00 ms.
Invoked RoslynAnalysisRunner static constructor.
RoslynAnalysisRunner will not be running.
RoslynAnalysisRunner has terminated.
Mono: successfully reloaded assembly
- Completed reload, in  0.637 seconds
Platform modules already initialized, skipping
Refreshing native plugins compatible for Editor in 0.20 ms, found 0 plugins.
Preloading 0 native plugins for Editor in 0.00 ms.
Unloading 1070 Unused Serialized files (Serialized files now loaded: 0)
System memory in use before: 56.7 MB.
System memory in use after: 56.8 MB.

Unloading 4 unused Assets to reduce memory usage. Loaded Objects now: 1529.
Total: 1.449900 ms (FindLiveObjects: 0.162900 ms CreateObjectMapping: 0.028200 ms MarkObjects: 1.245800 ms  DeleteObjects: 0.012000 ms)

========================================================================
Received Prepare
Registering precompiled user dll's ...
Registered in 0.000501 seconds.
Begin MonoManager ReloadAssembly
Native extension for WindowsStandalone target not found
Refreshing native plugins compatible for Editor in 0.22 ms, found 0 plugins.
Preloading 0 native plugins for Editor in 0.00 ms.
Invoked RoslynAnalysisRunner static constructor.
RoslynAnalysisRunner will not be running.
RoslynAnalysisRunner has terminated.
Mono: successfully reloaded assembly
- Completed reload, in  0.637 seconds
Platform modules already initialized, skipping
Refreshing native plugins compatible for Editor in 0.23 ms, found 0 plugins.
Preloading 0 native plugins for Editor in 0.00 ms.
Unloading 1070 Unused Serialized files (Serialized files now loaded: 0)
System memory in use before: 56.8 MB.
System memory in use after: 56.9 MB.

Unloading 4 unused Assets to reduce memory usage. Loaded Objects now: 1531.
Total: 1.507100 ms (FindLiveObjects: 0.147200 ms CreateObjectMapping: 0.029600 ms MarkObjects: 1.318000 ms  DeleteObjects: 0.011600 ms)

========================================================================
Received Import Request.
  Time since last request: 160.581277 seconds.
  path: Assets/Spawning.cs
  artifactKey: Guid(8c3a0334218cd6d48b5a2fe8cc3de0d3) Importer(815301076,1909f56bfc062723c751e8b465ee728b)
Start importing Assets/Spawning.cs using Guid(8c3a0334218cd6d48b5a2fe8cc3de0d3) Importer(815301076,1909f56bfc062723c751e8b465ee728b)  -> (artifact id: '8d436e2ed5a1098d3251ef5c70e58f49') in 0.004130 seconds
  Import took 0.005833 seconds .

========================================================================
Received Import Request.
  Time since last request: 1.363618 seconds.
  path: Assets/Spawning.cs
  artifactKey: Guid(8c3a0334218cd6d48b5a2fe8cc3de0d3) Importer(815301076,1909f56bfc062723c751e8b465ee728b)
Start importing Assets/Spawning.cs using Guid(8c3a0334218cd6d48b5a2fe8cc3de0d3) Importer(815301076,1909f56bfc062723c751e8b465ee728b)  -> (artifact id: '8d436e2ed5a1098d3251ef5c70e58f49') in 0.003361 seconds
  Import took 0.005161 seconds .

========================================================================
Received Prepare
Registering precompiled user dll's ...
Registered in 0.000575 seconds.
Begin MonoManager ReloadAssembly
Native extension for WindowsStandalone target not found
Refreshing native plugins compatible for Editor in 0.24 ms, found 0 plugins.
Preloading 0 native plugins for Editor in 0.00 ms.
Invoked RoslynAnalysisRunner static constructor.
RoslynAnalysisRunner will not be running.
RoslynAnalysisRunner has terminated.
Mono: successfully reloaded assembly
- Completed reload, in  0.644 seconds
Platform modules already initialized, skipping
Refreshing native plugins compatible for Editor in 0.23 ms, found 0 plugins.
Preloading 0 native plugins for Editor in 0.00 ms.
Unloading 1070 Unused Serialized files (Serialized files now loaded: 0)
System memory in use before: 56.9 MB.
System memory in use after: 57.0 MB.

Unloading 4 unused Assets to reduce memory usage. Loaded Objects now: 1533.
Total: 1.550200 ms (FindLiveObjects: 0.165500 ms CreateObjectMapping: 0.025000 ms MarkObjects: 1.344300 ms  DeleteObjects: 0.014100 ms)

